
-----
Test: tests/ui/test_login.py::TestLogin::test_login_valid (call)
Start time: 2025-08-20 13:34:10.136399
Start name method: click modal window close button

End time: 2025-08-20 13:34:10.261631
End name method: click modal window close button
URL: https://www.skvot.com/

-----

-----
Test: tests/ui/test_login.py::TestLogin::test_login_valid (call)
Start time: 2025-08-20 13:34:10.262156
Start name method: login

End time: 2025-08-20 13:34:15.917696
End name method: login
URL: https://www.skvot.com/

-----

-----
Test: tests/ui/test_login.py::TestLogin::test_login_invalid_email (call)
Start time: 2025-08-20 13:34:20.695909
Start name method: click modal window close button

End time: 2025-08-20 13:34:20.768460
End name method: click modal window close button
URL: https://www.skvot.com/

-----

-----
Test: tests/ui/test_login.py::TestLogin::test_login_invalid_email (call)
Start time: 2025-08-20 13:34:20.768901
Start name method: login

End time: 2025-08-20 13:34:26.135223
End name method: login
URL: https://www.skvot.com/

-----

-----
Test: tests/ui/test_login.py::TestLogin::test_login_invalid_password (call)
Start time: 2025-08-20 13:34:31.357976
Start name method: click modal window close button

End time: 2025-08-20 13:34:31.607877
End name method: click modal window close button
URL: https://www.skvot.com/

-----

-----
Test: tests/ui/test_login.py::TestLogin::test_login_invalid_password (call)
Start time: 2025-08-20 13:34:31.608193
Start name method: login

End time: 2025-08-20 13:34:36.918897
End name method: login
URL: https://www.skvot.com/

-----

-----
Test: tests/ui/test_login.py::TestLogin::test_empty_login (call)
Start time: 2025-08-20 13:34:42.222667
Start name method: click modal window close button

End time: 2025-08-20 13:34:42.333076
End name method: click modal window close button
URL: https://www.skvot.com/

-----

-----
Test: tests/ui/test_login.py::TestLogin::test_empty_login (call)
Start time: 2025-08-20 13:34:42.333574
Start name method: login

End time: 2025-08-20 13:34:47.608205
End name method: login
URL: https://www.skvot.com/

-----

-----
Test: tests/ui/test_search_product.py::TestSearchProduct::test_search_valid_product (call)
Start time: 2025-08-20 13:34:52.649295
Start name method: search item

End time: 2025-08-20 13:34:56.875380
End name method: search item
URL: https://www.skvot.com/search?text=%D0%B1%D1%83%D1%88%D0%B8%D0%BD%D0%B3

-----

-----
Test: tests/ui/test_search_product.py::TestSearchProduct::test_search_invalid_product (call)
Start time: 2025-08-20 13:35:02.083217
Start name method: search item

End time: 2025-08-20 13:35:07.066140
End name method: search item
URL: https://www.skvot.com/search?text=%D0%B4%D1%83%D1%80%D1%88%D0%BB%D0%B0%D0%B3

-----

-----
Test: tests/ui/test_product_page.py::TestProductPage::test_product_page_1 (call)
Start time: 2025-08-20 13:35:11.914838
Start name method: click modal window close button

End time: 2025-08-20 13:35:11.987863
End name method: click modal window close button
URL: https://www.skvot.com/catalog/skateboarding/skate-deck-skvot-knight-CB-00020952

-----

-----
Test: tests/ui/test_product_page.py::TestProductPage::test_product_page_1 (call)
Start time: 2025-08-20 13:35:11.988823
Start name method: check product page

End time: 2025-08-20 13:35:14.374699
End name method: check product page
URL: https://www.skvot.com/catalog/skateboarding/skate-deck-skvot-knight-CB-00020952

-----

-----
Test: tests/ui/test_product_page.py::TestProductPage::test_product_page_2 (call)
Start time: 2025-08-20 13:35:19.029918
Start name method: click modal window close button

End time: 2025-08-20 13:35:19.114827
End name method: click modal window close button
URL: https://www.skvot.com/catalog/clothing/shirts-c1rca-victory-tee-green-bottle-CB-00013927

-----

-----
Test: tests/ui/test_product_page.py::TestProductPage::test_product_page_2 (call)
Start time: 2025-08-20 13:35:19.115141
Start name method: check product page

End time: 2025-08-20 13:35:21.410283
End name method: check product page
URL: https://www.skvot.com/catalog/clothing/shirts-c1rca-victory-tee-green-bottle-CB-00013927

-----

-----
Test: tests/ui/test_add_product_to_cart.py::TestAddProductToCart::test_add_product_to_cart (call)
Start time: 2025-08-20 13:35:25.517751
Start name method: click modal window close button

End time: 2025-08-20 13:35:26.262733
End name method: click modal window close button
URL: https://www.skvot.com/catalog/skateboarding/skate-deck-skvot-knight-CB-00020952

-----

-----
Test: tests/ui/test_add_product_to_cart.py::TestAddProductToCart::test_add_product_to_cart (call)
Start time: 2025-08-20 13:35:26.263054
Start name method: add product to cart

End time: 2025-08-20 13:35:27.408762
End name method: add product to cart
URL: https://www.skvot.com/catalog/skateboarding/skate-deck-skvot-knight-CB-00020952

-----

-----
Test: tests/ui/test_add_product_to_cart.py::TestAddProductToCart::test_add_product_to_cart (call)
Start time: 2025-08-20 13:35:27.409203
Start name method: check product info from cart

End time: 2025-08-20 13:35:27.875960
End name method: check product info from cart
URL: https://www.skvot.com/catalog/skateboarding/skate-deck-skvot-knight-CB-00020952

-----

-----
Test: tests/ui/test_add_product_to_cart.py::TestAddProductToCart::test_add_product_to_cart (call)
Start time: 2025-08-20 13:35:27.876203
Start name method: clean cart

End time: 2025-08-20 13:35:28.203962
End name method: clean_cart
URL: https://www.skvot.com/catalog/skateboarding/skate-deck-skvot-knight-CB-00020952

-----

-----
Test: tests/ui/test_add_product_to_cart.py::TestAddProductToCart::test_add_product_to_cart_by_filters (call)
Start time: 2025-08-20 13:35:33.450947
Start name method: click modal window close button

End time: 2025-08-20 13:35:33.545778
End name method: click modal window close button
URL: https://www.skvot.com/

-----

-----
Test: tests/ui/test_add_product_to_cart.py::TestAddProductToCart::test_add_product_to_cart_by_filters (call)
Start time: 2025-08-20 13:35:33.546098
Start name method: add_product_1_to_cart

End time: 2025-08-20 13:35:47.038382
End name method: add_product_1_to_cart
URL: https://www.skvot.com/cart

-----

-----
Test: tests/ui/test_add_product_to_cart.py::TestAddProductToCart::test_add_product_to_cart_by_filters (call)
Start time: 2025-08-20 13:35:47.038785
Start name method: clean_cart

End time: 2025-08-20 13:35:47.387884
End name method: clean_cart
URL: https://www.skvot.com/cart

-----

-----
Test: tests/ui/test_add_product_to_cart.py::TestAddProductToCart::test_add_multiple_product_to_cart (call)
Start time: 2025-08-20 13:35:51.307504
Start name method: click modal window close button

End time: 2025-08-20 13:35:51.932349
End name method: click modal window close button
URL: https://www.skvot.com/catalog/skateboarding/skate-deck-skvot-knight-CB-00020952

-----

-----
Test: tests/ui/test_add_product_to_cart.py::TestAddProductToCart::test_add_multiple_product_to_cart (call)
Start time: 2025-08-20 13:35:51.932694
Start name method: add multiple product to cart

End time: 2025-08-20 13:35:54.687068
End name method: add multiple product to cart
URL: https://www.skvot.com/catalog/clothing/shirts-c1rca-victory-tee-green-bottle-CB-00013927

-----

-----
Test: tests/ui/test_add_product_to_cart.py::TestAddProductToCart::test_add_multiple_product_to_cart (call)
Start time: 2025-08-20 13:35:54.687515
Start name method: check product info from cart

End time: 2025-08-20 13:35:55.194187
End name method: check product info from cart
URL: https://www.skvot.com/catalog/clothing/shirts-c1rca-victory-tee-green-bottle-CB-00013927

-----

-----
Test: tests/ui/test_add_product_to_cart.py::TestAddProductToCart::test_add_multiple_product_to_cart (call)
Start time: 2025-08-20 13:35:55.194677
Start name method: clean cart

End time: 2025-08-20 13:35:55.518911
End name method: clean_cart
URL: https://www.skvot.com/catalog/clothing/shirts-c1rca-victory-tee-green-bottle-CB-00013927

-----

-----
Test: tests/ui/test_cart_page.py::TestCartPage::test_product_cart_page (call)
Start time: 2025-08-20 13:36:00.032460
Start name method: click modal window close button

End time: 2025-08-20 13:36:00.134010
End name method: click modal window close button
URL: https://www.skvot.com/catalog/skateboarding/skate-deck-skvot-knight-CB-00020952

-----

-----
Test: tests/ui/test_cart_page.py::TestCartPage::test_product_cart_page (call)
Start time: 2025-08-20 13:36:00.134337
Start name method: add product to cart

End time: 2025-08-20 13:36:01.268460
End name method: add product to cart
URL: https://www.skvot.com/catalog/skateboarding/skate-deck-skvot-knight-CB-00020952

-----

-----
Test: tests/ui/test_cart_page.py::TestCartPage::test_product_cart_page (call)
Start time: 2025-08-20 13:36:01.498408
Start name method: check_product_info

End time: 2025-08-20 13:36:01.663600
End name method: check_product_info
URL: https://www.skvot.com/cart

-----

-----
Test: tests/ui/test_cart_page.py::TestCartPage::test_product_cart_page (call)
Start time: 2025-08-20 13:36:01.663901
Start name method: check_total_cart_sum

End time: 2025-08-20 13:36:01.692828
End name method: check_total_cart_sum
URL: https://www.skvot.com/cart

-----

-----
Test: tests/ui/test_cart_page.py::TestCartPage::test_product_cart_page (call)
Start time: 2025-08-20 13:36:01.693143
Start name method: clean_cart

End time: 2025-08-20 13:36:03.029738
End name method: clean_cart
URL: https://www.skvot.com/cart

-----

-----
Test: tests/ui/test_cart_page.py::TestCartPage::test_multiple_product_cart_page (call)
Start time: 2025-08-20 13:36:07.563143
Start name method: click modal window close button

End time: 2025-08-20 13:36:07.632258
End name method: click modal window close button
URL: https://www.skvot.com/catalog/skateboarding/skate-deck-skvot-knight-CB-00020952

-----

-----
Test: tests/ui/test_cart_page.py::TestCartPage::test_multiple_product_cart_page (call)
Start time: 2025-08-20 13:36:07.632666
Start name method: add multiple product to cart

End time: 2025-08-20 13:36:10.512748
End name method: add multiple product to cart
URL: https://www.skvot.com/catalog/clothing/shirts-c1rca-victory-tee-green-bottle-CB-00013927

-----

-----
Test: tests/ui/test_cart_page.py::TestCartPage::test_multiple_product_cart_page (call)
Start time: 2025-08-20 13:36:10.733719
Start name method: check_product_info

End time: 2025-08-20 13:36:10.887853
End name method: check_product_info
URL: https://www.skvot.com/cart

-----

-----
Test: tests/ui/test_cart_page.py::TestCartPage::test_multiple_product_cart_page (call)
Start time: 2025-08-20 13:36:10.888139
Start name method: check_product_info

End time: 2025-08-20 13:36:10.929465
End name method: check_product_info
URL: https://www.skvot.com/cart

-----

-----
Test: tests/ui/test_cart_page.py::TestCartPage::test_multiple_product_cart_page (call)
Start time: 2025-08-20 13:36:10.929784
Start name method: check_total_cart_sum

End time: 2025-08-20 13:36:10.965136
End name method: check_total_cart_sum
URL: https://www.skvot.com/cart

-----

-----
Test: tests/ui/test_cart_page.py::TestCartPage::test_multiple_product_cart_page (call)
Start time: 2025-08-20 13:36:10.965390
Start name method: clean_cart

End time: 2025-08-20 13:36:12.294687
End name method: clean_cart
URL: https://www.skvot.com/cart

-----

-----
Test: tests/ui/test_fill_shipping_info.py::TestFillShippingInfo::test_fill_shipping_info (call)
Start time: 2025-08-20 13:36:16.868217
Start name method: click modal window close button

End time: 2025-08-20 13:36:16.960954
End name method: click modal window close button
URL: https://www.skvot.com/catalog/skateboarding/skate-deck-skvot-knight-CB-00020952

-----

-----
Test: tests/ui/test_fill_shipping_info.py::TestFillShippingInfo::test_fill_shipping_info (call)
Start time: 2025-08-20 13:36:16.961369
Start name method: add product to cart

End time: 2025-08-20 13:36:18.073003
End name method: add product to cart
URL: https://www.skvot.com/catalog/skateboarding/skate-deck-skvot-knight-CB-00020952

-----

-----
Test: tests/ui/test_fill_shipping_info.py::TestFillShippingInfo::test_fill_shipping_info (call)
Start time: 2025-08-20 13:36:18.325805
Start name method: login

End time: 2025-08-20 13:36:21.407296
End name method: login
URL: https://www.skvot.com/cart

-----

-----
Test: tests/ui/test_fill_shipping_info.py::TestFillShippingInfo::test_fill_shipping_info (call)
Start time: 2025-08-20 13:36:21.407603
Start name method: fill_shipping_info

End time: 2025-08-20 13:36:32.346548
End name method: fill_shipping_info
URL: https://www.skvot.com/cart/ordering

-----

-----
Test: tests/ui/test_fill_shipping_info.py::TestFillShippingInfo::test_fill_shipping_info (call)
Start time: 2025-08-20 13:36:32.346949
Start name method: clean_cart

End time: 2025-08-20 13:36:33.683302
End name method: clean_cart
URL: https://www.skvot.com/cart/ordering

-----

-----
Test: tests/ui/test_buy_product.py::TestBuyProduct::test_buy_product (call)
Start time: 2025-08-20 13:36:38.235891
Start name method: click modal window close button

End time: 2025-08-20 13:36:38.324800
End name method: click modal window close button
URL: https://www.skvot.com/catalog/skateboarding/skate-deck-skvot-knight-CB-00020952

-----

-----
Test: tests/ui/test_buy_product.py::TestBuyProduct::test_buy_product (call)
Start time: 2025-08-20 13:36:38.325145
Start name method: check product page

End time: 2025-08-20 13:36:40.561989
End name method: check product page
URL: https://www.skvot.com/catalog/skateboarding/skate-deck-skvot-knight-CB-00020952

-----

-----
Test: tests/ui/test_buy_product.py::TestBuyProduct::test_buy_product (call)
Start time: 2025-08-20 13:36:40.562244
Start name method: add product to cart

End time: 2025-08-20 13:36:41.666592
End name method: add product to cart
URL: https://www.skvot.com/catalog/skateboarding/skate-deck-skvot-knight-CB-00020952

-----

-----
Test: tests/ui/test_buy_product.py::TestBuyProduct::test_buy_product (call)
Start time: 2025-08-20 13:36:41.667010
Start name method: check product info from cart

End time: 2025-08-20 13:36:42.128642
End name method: check product info from cart
URL: https://www.skvot.com/catalog/skateboarding/skate-deck-skvot-knight-CB-00020952

-----

-----
Test: tests/ui/test_buy_product.py::TestBuyProduct::test_buy_product (call)
Start time: 2025-08-20 13:36:42.551683
Start name method: check_product_info

End time: 2025-08-20 13:36:42.709356
End name method: check_product_info
URL: https://www.skvot.com/cart

-----

-----
Test: tests/ui/test_buy_product.py::TestBuyProduct::test_buy_product (call)
Start time: 2025-08-20 13:36:42.709795
Start name method: check_total_cart_sum

End time: 2025-08-20 13:36:42.745794
End name method: check_total_cart_sum
URL: https://www.skvot.com/cart

-----

-----
Test: tests/ui/test_buy_product.py::TestBuyProduct::test_buy_product (call)
Start time: 2025-08-20 13:36:42.746237
Start name method: login

End time: 2025-08-20 13:36:45.689463
End name method: login
URL: https://www.skvot.com/cart

-----

-----
Test: tests/ui/test_buy_product.py::TestBuyProduct::test_buy_product (call)
Start time: 2025-08-20 13:36:45.689926
Start name method: fill_shipping_info

End time: 2025-08-20 13:36:56.541296
End name method: fill_shipping_info
URL: https://www.skvot.com/cart/ordering

-----

-----
Test: tests/ui/test_buy_product.py::TestBuyProduct::test_buy_product (call)
Start time: 2025-08-20 13:36:56.541694
Start name method: clean_cart

End time: 2025-08-20 13:36:57.877717
End name method: clean_cart
URL: https://www.skvot.com/cart/ordering

-----
