
-----
Test: tests/ui/test_login.py::TestLogin::test_login_valid (call)
Start time: 2025-09-07 17:50:22.440965
Start name method: click modal window close button

End time: 2025-09-07 17:50:22.550105
End name method: click modal window close button
URL: https://www.skvot.com/

-----

-----
Test: tests/ui/test_login.py::TestLogin::test_login_valid (call)
Start time: 2025-09-07 17:50:22.550410
Start name method: login

End time: 2025-09-07 17:50:27.978777
End name method: login
URL: https://www.skvot.com/

-----

-----
Test: tests/ui/test_login.py::TestLogin::test_login_invalid_email (call)
Start time: 2025-09-07 17:51:16.538249
Start name method: click modal window close button

End time: 2025-09-07 17:51:16.590502
End name method: click modal window close button
URL: https://www.skvot.com/

-----

-----
Test: tests/ui/test_login.py::TestLogin::test_login_invalid_email (call)
Start time: 2025-09-07 17:51:16.590801
Start name method: login

End time: 2025-09-07 17:51:22.005129
End name method: login
URL: https://www.skvot.com/

-----

-----
Test: tests/ui/test_login.py::TestLogin::test_login_invalid_password (call)
Start time: 2025-09-07 17:52:13.001775
Start name method: click modal window close button

End time: 2025-09-07 17:52:13.054549
End name method: click modal window close button
URL: https://www.skvot.com/

-----

-----
Test: tests/ui/test_login.py::TestLogin::test_login_invalid_password (call)
Start time: 2025-09-07 17:52:13.054879
Start name method: login

End time: 2025-09-07 17:52:18.455739
End name method: login
URL: https://www.skvot.com/

-----

-----
Test: tests/ui/test_login.py::TestLogin::test_empty_login (call)
Start time: 2025-09-07 17:52:38.850124
Start name method: click modal window close button

End time: 2025-09-07 17:52:38.901430
End name method: click modal window close button
URL: https://www.skvot.com/

-----

-----
Test: tests/ui/test_login.py::TestLogin::test_empty_login (call)
Start time: 2025-09-07 17:52:38.901738
Start name method: login

End time: 2025-09-07 17:52:44.229476
End name method: login
URL: https://www.skvot.com/

-----

-----
Test: tests/ui/test_search_product.py::TestSearchProduct::test_search_valid_product (call)
Start time: 2025-09-07 17:53:46.765523
Start name method: search item

End time: 2025-09-07 17:54:01.189647
End name method: search item
URL: https://www.skvot.com/search?text=%D0%B1%D1%83%D1%88%D0%B8%D0%BD%D0%B3

-----

-----
Test: tests/ui/test_search_product.py::TestSearchProduct::test_search_invalid_product (call)
Start time: 2025-09-07 17:54:54.478873
Start name method: search item

End time: 2025-09-07 17:55:02.006909
End name method: search item
URL: https://www.skvot.com/search?text=%D0%B4%D1%83%D1%80%D1%88%D0%BB%D0%B0%D0%B3

-----

-----
Test: tests/ui/test_product_page.py::TestProductPage::test_product_page_1 (call)
Start time: 2025-09-07 17:55:34.378236
Start name method: click modal window close button

End time: 2025-09-07 17:55:34.427310
End name method: click modal window close button
URL: https://www.skvot.com/catalog/skateboarding/skate-deck-skvot-knight-CB-00020952

-----

-----
Test: tests/ui/test_product_page.py::TestProductPage::test_product_page_1 (call)
Start time: 2025-09-07 17:55:34.427640
Start name method: check product page

End time: 2025-09-07 17:55:36.664845
End name method: check product page
URL: https://www.skvot.com/catalog/skateboarding/skate-deck-skvot-knight-CB-00020952

-----

-----
Test: tests/ui/test_product_page.py::TestProductPage::test_product_page_2 (call)
Start time: 2025-09-07 17:56:00.643025
Start name method: click modal window close button

End time: 2025-09-07 17:56:00.694323
End name method: click modal window close button
URL: https://www.skvot.com/catalog/clothing/shirts-c1rca-victory-tee-green-bottle-CB-00013927

-----

-----
Test: tests/ui/test_product_page.py::TestProductPage::test_product_page_2 (call)
Start time: 2025-09-07 17:56:00.694628
Start name method: check product page

End time: 2025-09-07 17:56:02.920425
End name method: check product page
URL: https://www.skvot.com/catalog/clothing/shirts-c1rca-victory-tee-green-bottle-CB-00013927

-----

-----
Test: tests/ui/test_add_product_to_cart.py::TestAddProductToCart::test_add_product_to_cart (call)
Start time: 2025-09-07 17:56:39.561674
Start name method: click modal window close button

End time: 2025-09-07 17:56:39.611590
End name method: click modal window close button
URL: https://www.skvot.com/catalog/skateboarding/skate-deck-skvot-knight-CB-00020952

-----

-----
Test: tests/ui/test_add_product_to_cart.py::TestAddProductToCart::test_add_product_to_cart (call)
Start time: 2025-09-07 17:56:39.611888
Start name method: add product to cart

End time: 2025-09-07 17:56:40.713747
End name method: add product to cart
URL: https://www.skvot.com/catalog/skateboarding/skate-deck-skvot-knight-CB-00020952

-----

-----
Test: tests/ui/test_add_product_to_cart.py::TestAddProductToCart::test_add_product_to_cart (call)
Start time: 2025-09-07 17:56:40.714084
Start name method: check product info from cart

End time: 2025-09-07 17:56:41.224054
End name method: check product info from cart
URL: https://www.skvot.com/catalog/skateboarding/skate-deck-skvot-knight-CB-00020952

-----

-----
Test: tests/ui/test_add_product_to_cart.py::TestAddProductToCart::test_add_product_to_cart (call)
Start time: 2025-09-07 17:56:41.224306
Start name method: clean cart

End time: 2025-09-07 17:56:41.554541
End name method: clean_cart
URL: https://www.skvot.com/catalog/skateboarding/skate-deck-skvot-knight-CB-00020952

-----

-----
Test: tests/ui/test_add_product_to_cart.py::TestAddProductToCart::test_add_product_to_cart_by_filters (call)
Start time: 2025-09-07 17:58:34.936266
Start name method: click modal window close button

End time: 2025-09-07 17:58:34.990426
End name method: click modal window close button
URL: https://www.skvot.com/

-----

-----
Test: tests/ui/test_add_product_to_cart.py::TestAddProductToCart::test_add_product_to_cart_by_filters (call)
Start time: 2025-09-07 17:58:34.990730
Start name method: add_product_1_to_cart

End time: 2025-09-07 18:00:11.830865
End name method: add_product_1_to_cart
URL: https://www.skvot.com/cart

-----

-----
Test: tests/ui/test_add_product_to_cart.py::TestAddProductToCart::test_add_product_to_cart_by_filters (call)
Start time: 2025-09-07 18:00:11.831139
Start name method: clean_cart

End time: 2025-09-07 18:00:12.166596
End name method: clean_cart
URL: https://www.skvot.com/cart

-----

-----
Test: tests/ui/test_add_product_to_cart.py::TestAddProductToCart::test_add_multiple_product_to_cart (call)
Start time: 2025-09-07 18:00:56.180364
Start name method: click modal window close button

End time: 2025-09-07 18:00:56.230769
End name method: click modal window close button
URL: https://www.skvot.com/catalog/skateboarding/skate-deck-skvot-knight-CB-00020952

-----

-----
Test: tests/ui/test_add_product_to_cart.py::TestAddProductToCart::test_add_multiple_product_to_cart (call)
Start time: 2025-09-07 18:00:56.231076
Start name method: add multiple product to cart

End time: 2025-09-07 18:01:12.596893
End name method: add multiple product to cart
URL: https://www.skvot.com/catalog/clothing/shirts-c1rca-victory-tee-green-bottle-CB-00013927

-----

-----
Test: tests/ui/test_add_product_to_cart.py::TestAddProductToCart::test_add_multiple_product_to_cart (call)
Start time: 2025-09-07 18:01:12.597333
Start name method: check product info from cart

End time: 2025-09-07 18:01:13.113071
End name method: check product info from cart
URL: https://www.skvot.com/catalog/clothing/shirts-c1rca-victory-tee-green-bottle-CB-00013927

-----

-----
Test: tests/ui/test_add_product_to_cart.py::TestAddProductToCart::test_add_multiple_product_to_cart (call)
Start time: 2025-09-07 18:01:13.113353
Start name method: clean cart

End time: 2025-09-07 18:01:13.455674
End name method: clean_cart
URL: https://www.skvot.com/catalog/clothing/shirts-c1rca-victory-tee-green-bottle-CB-00013927

-----

-----
Test: tests/ui/test_cart_page.py::TestCartPage::test_product_cart_page (call)
Start time: 2025-09-07 18:01:46.629471
Start name method: click modal window close button

End time: 2025-09-07 18:01:46.679396
End name method: click modal window close button
URL: https://www.skvot.com/catalog/skateboarding/skate-deck-skvot-knight-CB-00020952

-----

-----
Test: tests/ui/test_cart_page.py::TestCartPage::test_product_cart_page (call)
Start time: 2025-09-07 18:01:46.679702
Start name method: add product to cart

End time: 2025-09-07 18:01:47.778547
End name method: add product to cart
URL: https://www.skvot.com/catalog/skateboarding/skate-deck-skvot-knight-CB-00020952

-----

-----
Test: tests/ui/test_cart_page.py::TestCartPage::test_product_cart_page (call)
Start time: 2025-09-07 18:01:48.662415
Start name method: check_product_info

End time: 2025-09-07 18:01:48.692100
End name method: check_product_info
URL: https://www.skvot.com/cart

-----

-----
Test: tests/ui/test_cart_page.py::TestCartPage::test_product_cart_page (call)
Start time: 2025-09-07 18:01:48.692394
Start name method: check_total_cart_sum

End time: 2025-09-07 18:01:48.713808
End name method: check_total_cart_sum
URL: https://www.skvot.com/cart

-----

-----
Test: tests/ui/test_cart_page.py::TestCartPage::test_product_cart_page (call)
Start time: 2025-09-07 18:01:48.714086
Start name method: clean_cart

End time: 2025-09-07 18:01:50.046522
End name method: clean_cart
URL: https://www.skvot.com/cart

-----

-----
Test: tests/ui/test_cart_page.py::TestCartPage::test_multiple_product_cart_page (call)
Start time: 2025-09-07 18:02:25.765298
Start name method: click modal window close button

End time: 2025-09-07 18:02:25.814997
End name method: click modal window close button
URL: https://www.skvot.com/catalog/skateboarding/skate-deck-skvot-knight-CB-00020952

-----

-----
Test: tests/ui/test_cart_page.py::TestCartPage::test_multiple_product_cart_page (call)
Start time: 2025-09-07 18:02:25.815311
Start name method: add multiple product to cart

End time: 2025-09-07 18:02:42.758418
End name method: add multiple product to cart
URL: https://www.skvot.com/catalog/clothing/shirts-c1rca-victory-tee-green-bottle-CB-00013927

-----

-----
Test: tests/ui/test_cart_page.py::TestCartPage::test_multiple_product_cart_page (call)
Start time: 2025-09-07 18:02:44.508490
Start name method: check_product_info

End time: 2025-09-07 18:02:44.639940
End name method: check_product_info
URL: https://www.skvot.com/cart

-----

-----
Test: tests/ui/test_cart_page.py::TestCartPage::test_multiple_product_cart_page (call)
Start time: 2025-09-07 18:02:44.640241
Start name method: check_product_info

End time: 2025-09-07 18:02:44.663786
End name method: check_product_info
URL: https://www.skvot.com/cart

-----

-----
Test: tests/ui/test_cart_page.py::TestCartPage::test_multiple_product_cart_page (call)
Start time: 2025-09-07 18:02:44.664100
Start name method: check_total_cart_sum

End time: 2025-09-07 18:02:44.684245
End name method: check_total_cart_sum
URL: https://www.skvot.com/cart

-----

-----
Test: tests/ui/test_cart_page.py::TestCartPage::test_multiple_product_cart_page (call)
Start time: 2025-09-07 18:02:44.684542
Start name method: clean_cart

End time: 2025-09-07 18:02:46.016016
End name method: clean_cart
URL: https://www.skvot.com/cart

-----

-----
Test: tests/ui/test_fill_shipping_info.py::TestFillShippingInfo::test_fill_shipping_info (call)
Start time: 2025-09-07 18:03:25.057440
Start name method: click modal window close button

End time: 2025-09-07 18:03:25.111228
End name method: click modal window close button
URL: https://www.skvot.com/catalog/skateboarding/skate-deck-skvot-knight-CB-00020952

-----

-----
Test: tests/ui/test_fill_shipping_info.py::TestFillShippingInfo::test_fill_shipping_info (call)
Start time: 2025-09-07 18:03:25.111575
Start name method: add product to cart

End time: 2025-09-07 18:03:26.207245
End name method: add product to cart
URL: https://www.skvot.com/catalog/skateboarding/skate-deck-skvot-knight-CB-00020952

-----

-----
Test: tests/ui/test_fill_shipping_info.py::TestFillShippingInfo::test_fill_shipping_info (call)
Start time: 2025-09-07 18:03:27.584195
Start name method: login

End time: 2025-09-07 18:03:30.757456
End name method: login
URL: https://www.skvot.com/cart

-----

-----
Test: tests/ui/test_fill_shipping_info.py::TestFillShippingInfo::test_fill_shipping_info (call)
Start time: 2025-09-07 18:03:30.757797
Start name method: fill_shipping_info

End time: 2025-09-07 18:03:37.878776
End name method: fill_shipping_info
URL: https://www.skvot.com/cart/ordering

-----

-----
Test: tests/ui/test_fill_shipping_info.py::TestFillShippingInfo::test_fill_shipping_info (call)
Start time: 2025-09-07 18:03:37.879050
Start name method: clean_cart

End time: 2025-09-07 18:03:39.223946
End name method: clean_cart
URL: https://www.skvot.com/cart/ordering

-----

-----
Test: tests/ui/test_buy_product.py::TestBuyProduct::test_buy_product (call)
Start time: 2025-09-07 18:04:16.372839
Start name method: click modal window close button

End time: 2025-09-07 18:04:16.422175
End name method: click modal window close button
URL: https://www.skvot.com/catalog/skateboarding/skate-deck-skvot-knight-CB-00020952

-----

-----
Test: tests/ui/test_buy_product.py::TestBuyProduct::test_buy_product (call)
Start time: 2025-09-07 18:04:16.422473
Start name method: check product page

End time: 2025-09-07 18:04:18.661514
End name method: check product page
URL: https://www.skvot.com/catalog/skateboarding/skate-deck-skvot-knight-CB-00020952

-----

-----
Test: tests/ui/test_buy_product.py::TestBuyProduct::test_buy_product (call)
Start time: 2025-09-07 18:04:18.661767
Start name method: add product to cart

End time: 2025-09-07 18:04:19.758118
End name method: add product to cart
URL: https://www.skvot.com/catalog/skateboarding/skate-deck-skvot-knight-CB-00020952

-----

-----
Test: tests/ui/test_buy_product.py::TestBuyProduct::test_buy_product (call)
Start time: 2025-09-07 18:04:19.758550
Start name method: check product info from cart

End time: 2025-09-07 18:04:20.253239
End name method: check product info from cart
URL: https://www.skvot.com/catalog/skateboarding/skate-deck-skvot-knight-CB-00020952

-----

-----
Test: tests/ui/test_buy_product.py::TestBuyProduct::test_buy_product (call)
Start time: 2025-09-07 18:04:21.310106
Start name method: check_product_info

End time: 2025-09-07 18:04:21.352384
End name method: check_product_info
URL: https://www.skvot.com/cart

-----

-----
Test: tests/ui/test_buy_product.py::TestBuyProduct::test_buy_product (call)
Start time: 2025-09-07 18:04:21.352682
Start name method: check_total_cart_sum

End time: 2025-09-07 18:04:21.372794
End name method: check_total_cart_sum
URL: https://www.skvot.com/cart

-----

-----
Test: tests/ui/test_buy_product.py::TestBuyProduct::test_buy_product (call)
Start time: 2025-09-07 18:04:21.373081
Start name method: login

End time: 2025-09-07 18:04:25.036805
End name method: login
URL: https://www.skvot.com/cart

-----

-----
Test: tests/ui/test_buy_product.py::TestBuyProduct::test_buy_product (call)
Start time: 2025-09-07 18:04:25.037116
Start name method: fill_shipping_info

End time: 2025-09-07 18:04:33.809512
End name method: fill_shipping_info
URL: https://www.skvot.com/cart/ordering

-----

-----
Test: tests/ui/test_buy_product.py::TestBuyProduct::test_buy_product (call)
Start time: 2025-09-07 18:04:33.809755
Start name method: clean_cart

End time: 2025-09-07 18:04:35.167046
End name method: clean_cart
URL: https://www.skvot.com/cart/ordering

-----
