
-----
Test: tests/ui/test_login.py::TestLogin::test_login_valid (call)
Start time: 2025-09-06 23:38:04.864943
Start name method: click modal window close button

End time: 2025-09-06 23:38:04.917852
End name method: click modal window close button
URL: https://www.skvot.com/

-----

-----
Test: tests/ui/test_login.py::TestLogin::test_login_valid (call)
Start time: 2025-09-06 23:38:04.918189
Start name method: login

End time: 2025-09-06 23:38:10.888562
End name method: login
URL: https://www.skvot.com/

-----

-----
Test: tests/ui/test_login.py::TestLogin::test_login_invalid_email (call)
Start time: 2025-09-06 23:39:12.058832
Start name method: click modal window close button

End time: 2025-09-06 23:39:12.109575
End name method: click modal window close button
URL: https://www.skvot.com/

-----

-----
Test: tests/ui/test_login.py::TestLogin::test_login_invalid_email (call)
Start time: 2025-09-06 23:39:12.109875
Start name method: login

End time: 2025-09-06 23:39:17.514361
End name method: login
URL: https://www.skvot.com/

-----
