
-----
Test: tests/ui/test_fill_shipping_info.py::TestFillShippingInfo::test_fill_shipping_info (call)
Start time: 2025-09-08 09:25:52.443549
Start name method: add product to cart

End time: 2025-09-08 09:25:53.565717
End name method: add product to cart
URL: https://www.skvot.com/catalog/skateboarding/skate-deck-skvot-knight-CB-00020952

-----

-----
Test: tests/ui/test_fill_shipping_info.py::TestFillShippingInfo::test_fill_shipping_info (call)
Start time: 2025-09-08 09:25:53.809992
Start name method: login

End time: 2025-09-08 09:25:56.575397
End name method: login
URL: https://www.skvot.com/cart

-----

-----
Test: tests/ui/test_fill_shipping_info.py::TestFillShippingInfo::test_fill_shipping_info (call)
Start time: 2025-09-08 09:25:56.575892
Start name method: fill_shipping_info

End time: 2025-09-08 09:26:03.315668
End name method: fill_shipping_info
URL: https://www.skvot.com/cart/ordering

-----

-----
Test: tests/ui/test_fill_shipping_info.py::TestFillShippingInfo::test_fill_shipping_info (call)
Start time: 2025-09-08 09:26:03.315967
Start name method: clean_cart

End time: 2025-09-08 09:26:04.648303
End name method: clean_cart
URL: https://www.skvot.com/cart/ordering

-----
