
-----
Test: tests/ui/test_login.py::TestLogin::test_login_valid (call)
Start time: 2025-09-07 14:26:18.047338
Start name method: click modal window close button

End time: 2025-09-07 14:26:18.250347
End name method: click modal window close button
URL: https://www.skvot.com/

-----

-----
Test: tests/ui/test_login.py::TestLogin::test_login_valid (call)
Start time: 2025-09-07 14:26:18.250678
Start name method: login

End time: 2025-09-07 14:26:23.844575
End name method: login
URL: https://www.skvot.com/

-----

-----
Test: tests/ui/test_login.py::TestLogin::test_login_invalid_email (call)
Start time: 2025-09-07 14:26:29.627403
Start name method: click modal window close button

End time: 2025-09-07 14:26:29.786531
End name method: click modal window close button
URL: https://www.skvot.com/

-----

-----
Test: tests/ui/test_login.py::TestLogin::test_login_invalid_email (call)
Start time: 2025-09-07 14:26:29.786853
Start name method: login

End time: 2025-09-07 14:26:35.192346
End name method: login
URL: https://www.skvot.com/

-----

-----
Test: tests/ui/test_login.py::TestLogin::test_login_invalid_password (call)
Start time: 2025-09-07 14:26:40.811921
Start name method: click modal window close button

End time: 2025-09-07 14:26:40.978133
End name method: click modal window close button
URL: https://www.skvot.com/

-----

-----
Test: tests/ui/test_login.py::TestLogin::test_login_invalid_password (call)
Start time: 2025-09-07 14:26:40.978450
Start name method: login

End time: 2025-09-07 14:26:46.384623
End name method: login
URL: https://www.skvot.com/

-----

-----
Test: tests/ui/test_login.py::TestLogin::test_empty_login (call)
Start time: 2025-09-07 14:26:51.627081
Start name method: click modal window close button

End time: 2025-09-07 14:26:51.841953
End name method: click modal window close button
URL: https://www.skvot.com/

-----

-----
Test: tests/ui/test_login.py::TestLogin::test_empty_login (call)
Start time: 2025-09-07 14:26:51.842296
Start name method: login

End time: 2025-09-07 14:26:57.180454
End name method: login
URL: https://www.skvot.com/

-----

-----
Test: tests/ui/test_search_product.py::TestSearchProduct::test_search_valid_product (call)
Start time: 2025-09-07 14:27:02.566717
Start name method: search item

End time: 2025-09-07 14:27:08.765496
End name method: search item
URL: https://www.skvot.com/search?text=%D0%B1%D1%83%D1%88%D0%B8%D0%BD%D0%B3

-----

-----
Test: tests/ui/test_search_product.py::TestSearchProduct::test_search_invalid_product (call)
Start time: 2025-09-07 14:27:14.441915
Start name method: search item

End time: 2025-09-07 14:27:19.225479
End name method: search item
URL: https://www.skvot.com/search?text=%D0%B4%D1%83%D1%80%D1%88%D0%BB%D0%B0%D0%B3

-----

-----
Test: tests/ui/test_product_page.py::TestProductPage::test_product_page_1 (call)
Start time: 2025-09-07 14:27:24.975797
Start name method: click modal window close button

End time: 2025-09-07 14:27:25.046819
End name method: click modal window close button
URL: https://www.skvot.com/catalog/skateboarding/skate-deck-skvot-knight-CB-00020952

-----

-----
Test: tests/ui/test_product_page.py::TestProductPage::test_product_page_1 (call)
Start time: 2025-09-07 14:27:25.047099
Start name method: check product page

End time: 2025-09-07 14:27:27.430827
End name method: check product page
URL: https://www.skvot.com/catalog/skateboarding/skate-deck-skvot-knight-CB-00020952

-----

-----
Test: tests/ui/test_product_page.py::TestProductPage::test_product_page_2 (call)
Start time: 2025-09-07 14:27:32.399622
Start name method: click modal window close button

End time: 2025-09-07 14:27:32.462244
End name method: click modal window close button
URL: https://www.skvot.com/catalog/clothing/shirts-c1rca-victory-tee-green-bottle-CB-00013927

-----

-----
Test: tests/ui/test_product_page.py::TestProductPage::test_product_page_2 (call)
Start time: 2025-09-07 14:27:32.462556
Start name method: check product page

End time: 2025-09-07 14:27:34.845272
End name method: check product page
URL: https://www.skvot.com/catalog/clothing/shirts-c1rca-victory-tee-green-bottle-CB-00013927

-----

-----
Test: tests/ui/test_add_product_to_cart.py::TestAddProductToCart::test_add_product_to_cart (call)
Start time: 2025-09-07 14:27:39.850123
Start name method: click modal window close button

End time: 2025-09-07 14:27:39.920125
End name method: click modal window close button
URL: https://www.skvot.com/catalog/skateboarding/skate-deck-skvot-knight-CB-00020952

-----

-----
Test: tests/ui/test_add_product_to_cart.py::TestAddProductToCart::test_add_product_to_cart (call)
Start time: 2025-09-07 14:27:39.920436
Start name method: add product to cart

End time: 2025-09-07 14:27:41.159959
End name method: add product to cart
URL: https://www.skvot.com/catalog/skateboarding/skate-deck-skvot-knight-CB-00020952

-----

-----
Test: tests/ui/test_add_product_to_cart.py::TestAddProductToCart::test_add_product_to_cart (call)
Start time: 2025-09-07 14:27:41.160424
Start name method: check product info from cart

End time: 2025-09-07 14:27:41.674048
End name method: check product info from cart
URL: https://www.skvot.com/catalog/skateboarding/skate-deck-skvot-knight-CB-00020952

-----

-----
Test: tests/ui/test_add_product_to_cart.py::TestAddProductToCart::test_add_product_to_cart (call)
Start time: 2025-09-07 14:27:41.674313
Start name method: clean cart

End time: 2025-09-07 14:27:41.986081
End name method: clean_cart
URL: https://www.skvot.com/catalog/skateboarding/skate-deck-skvot-knight-CB-00020952

-----

-----
Test: tests/ui/test_add_product_to_cart.py::TestAddProductToCart::test_add_product_to_cart_by_filters (call)
Start time: 2025-09-07 14:27:47.290013
Start name method: click modal window close button

End time: 2025-09-07 14:27:47.376662
End name method: click modal window close button
URL: https://www.skvot.com/

-----

-----
Test: tests/ui/test_add_product_to_cart.py::TestAddProductToCart::test_add_product_to_cart_by_filters (call)
Start time: 2025-09-07 14:27:47.376936
Start name method: add_product_1_to_cart

End time: 2025-09-07 14:28:01.307166
End name method: add_product_1_to_cart
URL: https://www.skvot.com/cart

-----

-----
Test: tests/ui/test_add_product_to_cart.py::TestAddProductToCart::test_add_product_to_cart_by_filters (call)
Start time: 2025-09-07 14:28:01.307460
Start name method: clean_cart

End time: 2025-09-07 14:28:01.624239
End name method: clean_cart
URL: https://www.skvot.com/cart

-----

-----
Test: tests/ui/test_add_product_to_cart.py::TestAddProductToCart::test_add_multiple_product_to_cart (call)
Start time: 2025-09-07 14:28:06.358336
Start name method: click modal window close button

End time: 2025-09-07 14:28:06.423389
End name method: click modal window close button
URL: https://www.skvot.com/catalog/skateboarding/skate-deck-skvot-knight-CB-00020952

-----

-----
Test: tests/ui/test_add_product_to_cart.py::TestAddProductToCart::test_add_multiple_product_to_cart (call)
Start time: 2025-09-07 14:28:06.423719
Start name method: add multiple product to cart

End time: 2025-09-07 14:28:09.249978
End name method: add multiple product to cart
URL: https://www.skvot.com/catalog/clothing/shirts-c1rca-victory-tee-green-bottle-CB-00013927

-----

-----
Test: tests/ui/test_add_product_to_cart.py::TestAddProductToCart::test_add_multiple_product_to_cart (call)
Start time: 2025-09-07 14:28:09.250291
Start name method: check product info from cart

End time: 2025-09-07 14:28:09.756053
End name method: check product info from cart
URL: https://www.skvot.com/catalog/clothing/shirts-c1rca-victory-tee-green-bottle-CB-00013927

-----

-----
Test: tests/ui/test_add_product_to_cart.py::TestAddProductToCart::test_add_multiple_product_to_cart (call)
Start time: 2025-09-07 14:28:09.756325
Start name method: clean cart

End time: 2025-09-07 14:28:10.081750
End name method: clean_cart
URL: https://www.skvot.com/catalog/clothing/shirts-c1rca-victory-tee-green-bottle-CB-00013927

-----

-----
Test: tests/ui/test_cart_page.py::TestCartPage::test_product_cart_page (call)
Start time: 2025-09-07 14:28:15.007359
Start name method: click modal window close button

End time: 2025-09-07 14:28:15.075478
End name method: click modal window close button
URL: https://www.skvot.com/catalog/skateboarding/skate-deck-skvot-knight-CB-00020952

-----

-----
Test: tests/ui/test_cart_page.py::TestCartPage::test_product_cart_page (call)
Start time: 2025-09-07 14:28:15.075792
Start name method: add product to cart

End time: 2025-09-07 14:28:16.312647
End name method: add product to cart
URL: https://www.skvot.com/catalog/skateboarding/skate-deck-skvot-knight-CB-00020952

-----

-----
Test: tests/ui/test_cart_page.py::TestCartPage::test_product_cart_page (call)
Start time: 2025-09-07 14:28:16.656495
Start name method: check_product_info

End time: 2025-09-07 14:28:16.703685
End name method: check_product_info
URL: https://www.skvot.com/cart

-----

-----
Test: tests/ui/test_cart_page.py::TestCartPage::test_product_cart_page (call)
Start time: 2025-09-07 14:28:16.703979
Start name method: check_total_cart_sum

End time: 2025-09-07 14:28:16.724628
End name method: check_total_cart_sum
URL: https://www.skvot.com/cart

-----

-----
Test: tests/ui/test_cart_page.py::TestCartPage::test_product_cart_page (call)
Start time: 2025-09-07 14:28:16.724920
Start name method: clean_cart

End time: 2025-09-07 14:28:18.057411
End name method: clean_cart
URL: https://www.skvot.com/cart

-----

-----
Test: tests/ui/test_cart_page.py::TestCartPage::test_multiple_product_cart_page (call)
Start time: 2025-09-07 14:28:27.224630
Start name method: click modal window close button

End time: 2025-09-07 14:28:27.280693
End name method: click modal window close button
URL: https://www.skvot.com/catalog/skateboarding/skate-deck-skvot-knight-CB-00020952

-----

-----
Test: tests/ui/test_cart_page.py::TestCartPage::test_multiple_product_cart_page (call)
Start time: 2025-09-07 14:28:27.281014
Start name method: add multiple product to cart

End time: 2025-09-07 14:28:30.276827
End name method: add multiple product to cart
URL: https://www.skvot.com/catalog/clothing/shirts-c1rca-victory-tee-green-bottle-CB-00013927

-----

-----
Test: tests/ui/test_cart_page.py::TestCartPage::test_multiple_product_cart_page (call)
Start time: 2025-09-07 14:28:30.445101
Start name method: check_product_info

End time: 2025-09-07 14:28:30.584999
End name method: check_product_info
URL: https://www.skvot.com/cart

-----

-----
Test: tests/ui/test_cart_page.py::TestCartPage::test_multiple_product_cart_page (call)
Start time: 2025-09-07 14:28:30.585284
Start name method: check_product_info

End time: 2025-09-07 14:28:30.609759
End name method: check_product_info
URL: https://www.skvot.com/cart

-----

-----
Test: tests/ui/test_cart_page.py::TestCartPage::test_multiple_product_cart_page (call)
Start time: 2025-09-07 14:28:30.610059
Start name method: check_total_cart_sum

End time: 2025-09-07 14:28:30.629983
End name method: check_total_cart_sum
URL: https://www.skvot.com/cart

-----

-----
Test: tests/ui/test_cart_page.py::TestCartPage::test_multiple_product_cart_page (call)
Start time: 2025-09-07 14:28:30.630278
Start name method: clean_cart

End time: 2025-09-07 14:28:31.946905
End name method: clean_cart
URL: https://www.skvot.com/cart

-----

-----
Test: tests/ui/test_fill_shipping_info.py::TestFillShippingInfo::test_fill_shipping_info (call)
Start time: 2025-09-07 14:28:36.839695
Start name method: click modal window close button

End time: 2025-09-07 14:28:36.900942
End name method: click modal window close button
URL: https://www.skvot.com/catalog/skateboarding/skate-deck-skvot-knight-CB-00020952

-----

-----
Test: tests/ui/test_fill_shipping_info.py::TestFillShippingInfo::test_fill_shipping_info (call)
Start time: 2025-09-07 14:28:36.901256
Start name method: add product to cart

End time: 2025-09-07 14:28:38.117460
End name method: add product to cart
URL: https://www.skvot.com/catalog/skateboarding/skate-deck-skvot-knight-CB-00020952

-----

-----
Test: tests/ui/test_fill_shipping_info.py::TestFillShippingInfo::test_fill_shipping_info (call)
Start time: 2025-09-07 14:28:38.449639
Start name method: login

End time: 2025-09-07 14:28:41.120091
End name method: login
URL: https://www.skvot.com/cart

-----

-----
Test: tests/ui/test_fill_shipping_info.py::TestFillShippingInfo::test_fill_shipping_info (call)
Start time: 2025-09-07 14:28:41.120437
Start name method: fill_shipping_info

End time: 2025-09-07 14:28:47.960899
End name method: fill_shipping_info
URL: https://www.skvot.com/cart/ordering

-----

-----
Test: tests/ui/test_fill_shipping_info.py::TestFillShippingInfo::test_fill_shipping_info (call)
Start time: 2025-09-07 14:28:47.961205
Start name method: clean_cart

End time: 2025-09-07 14:28:49.297411
End name method: clean_cart
URL: https://www.skvot.com/cart/ordering

-----

-----
Test: tests/ui/test_buy_product.py::TestBuyProduct::test_buy_product (call)
Start time: 2025-09-07 14:28:54.355654
Start name method: click modal window close button

End time: 2025-09-07 14:28:54.426408
End name method: click modal window close button
URL: https://www.skvot.com/catalog/skateboarding/skate-deck-skvot-knight-CB-00020952

-----

-----
Test: tests/ui/test_buy_product.py::TestBuyProduct::test_buy_product (call)
Start time: 2025-09-07 14:28:54.426853
Start name method: check product page

End time: 2025-09-07 14:28:56.798121
End name method: check product page
URL: https://www.skvot.com/catalog/skateboarding/skate-deck-skvot-knight-CB-00020952

-----

-----
Test: tests/ui/test_buy_product.py::TestBuyProduct::test_buy_product (call)
Start time: 2025-09-07 14:28:56.798515
Start name method: add product to cart

End time: 2025-09-07 14:28:57.908986
End name method: add product to cart
URL: https://www.skvot.com/catalog/skateboarding/skate-deck-skvot-knight-CB-00020952

-----

-----
Test: tests/ui/test_buy_product.py::TestBuyProduct::test_buy_product (call)
Start time: 2025-09-07 14:28:57.909426
Start name method: check product info from cart

End time: 2025-09-07 14:28:58.404603
End name method: check product info from cart
URL: https://www.skvot.com/catalog/skateboarding/skate-deck-skvot-knight-CB-00020952

-----

-----
Test: tests/ui/test_buy_product.py::TestBuyProduct::test_buy_product (call)
Start time: 2025-09-07 14:28:58.698853
Start name method: check_product_info

End time: 2025-09-07 14:28:58.737729
End name method: check_product_info
URL: https://www.skvot.com/cart

-----

-----
Test: tests/ui/test_buy_product.py::TestBuyProduct::test_buy_product (call)
Start time: 2025-09-07 14:28:58.738163
Start name method: check_total_cart_sum

End time: 2025-09-07 14:28:58.771744
End name method: check_total_cart_sum
URL: https://www.skvot.com/cart

-----

-----
Test: tests/ui/test_buy_product.py::TestBuyProduct::test_buy_product (call)
Start time: 2025-09-07 14:28:58.772176
Start name method: login

End time: 2025-09-07 14:29:01.547733
End name method: login
URL: https://www.skvot.com/cart

-----

-----
Test: tests/ui/test_buy_product.py::TestBuyProduct::test_buy_product (call)
Start time: 2025-09-07 14:29:01.548298
Start name method: fill_shipping_info

End time: 2025-09-07 14:29:08.580438
End name method: fill_shipping_info
URL: https://www.skvot.com/cart/ordering

-----

-----
Test: tests/ui/test_buy_product.py::TestBuyProduct::test_buy_product (call)
Start time: 2025-09-07 14:29:08.580871
Start name method: clean_cart

End time: 2025-09-07 14:29:09.939294
End name method: clean_cart
URL: https://www.skvot.com/cart/ordering

-----
