
-----
Test: tests/ui/test_login.py::TestLogin::test_login_valid (call)
Start time: 2025-09-06 19:11:07.092114
Start name method: click modal window close button

End time: 2025-09-06 19:11:07.275954
End name method: click modal window close button
URL: https://www.skvot.com/

-----

-----
Test: tests/ui/test_login.py::TestLogin::test_login_valid (call)
Start time: 2025-09-06 19:11:07.276293
Start name method: login

End time: 2025-09-06 19:11:12.675894
End name method: login
URL: https://www.skvot.com/

-----

-----
Test: tests/ui/test_login.py::TestLogin::test_login_invalid_email (call)
Start time: 2025-09-06 19:11:18.179451
Start name method: click modal window close button

End time: 2025-09-06 19:11:18.260591
End name method: click modal window close button
URL: https://www.skvot.com/

-----

-----
Test: tests/ui/test_login.py::TestLogin::test_login_invalid_email (call)
Start time: 2025-09-06 19:11:18.260946
Start name method: login

End time: 2025-09-06 19:11:23.666423
End name method: login
URL: https://www.skvot.com/

-----

-----
Test: tests/ui/test_login.py::TestLogin::test_login_invalid_password (call)
Start time: 2025-09-06 19:11:29.399317
Start name method: click modal window close button

End time: 2025-09-06 19:11:29.596930
End name method: click modal window close button
URL: https://www.skvot.com/

-----

-----
Test: tests/ui/test_login.py::TestLogin::test_login_invalid_password (call)
Start time: 2025-09-06 19:11:29.597281
Start name method: login

End time: 2025-09-06 19:11:34.891981
End name method: login
URL: https://www.skvot.com/

-----

-----
Test: tests/ui/test_login.py::TestLogin::test_empty_login (call)
Start time: 2025-09-06 19:11:40.801194
Start name method: click modal window close button

End time: 2025-09-06 19:11:41.023702
End name method: click modal window close button
URL: https://www.skvot.com/

-----

-----
Test: tests/ui/test_login.py::TestLogin::test_empty_login (call)
Start time: 2025-09-06 19:11:41.024024
Start name method: login

End time: 2025-09-06 19:11:46.275609
End name method: login
URL: https://www.skvot.com/

-----
