
-----
Test: tests/ui/test_login.py::TestLogin::test_login_valid (call)
Start time: 2025-09-06 18:08:05.198904
Start name method: click modal window close button

End time: 2025-09-06 18:08:05.435604
End name method: click modal window close button
URL: https://www.skvot.com/

-----

-----
Test: tests/ui/test_login.py::TestLogin::test_login_valid (call)
Start time: 2025-09-06 18:08:05.435905
Start name method: login

End time: 2025-09-06 18:08:11.501183
End name method: login
URL: https://www.skvot.com/

-----

-----
Test: tests/ui/test_login.py::TestLogin::test_login_invalid_email (call)
Start time: 2025-09-06 18:08:17.626725
Start name method: click modal window close button

End time: 2025-09-06 18:08:17.846704
End name method: click modal window close button
URL: https://www.skvot.com/

-----

-----
Test: tests/ui/test_login.py::TestLogin::test_login_invalid_email (call)
Start time: 2025-09-06 18:08:17.847024
Start name method: login

End time: 2025-09-06 18:08:23.128862
End name method: login
URL: https://www.skvot.com/

-----

-----
Test: tests/ui/test_login.py::TestLogin::test_login_invalid_password (call)
Start time: 2025-09-06 18:08:30.354391
Start name method: click modal window close button

End time: 2025-09-06 18:08:30.546197
End name method: click modal window close button
URL: https://www.skvot.com/

-----

-----
Test: tests/ui/test_login.py::TestLogin::test_login_invalid_password (call)
Start time: 2025-09-06 18:08:30.546542
Start name method: login

End time: 2025-09-06 18:08:35.831151
End name method: login
URL: https://www.skvot.com/

-----

-----
Test: tests/ui/test_login.py::TestLogin::test_empty_login (call)
Start time: 2025-09-06 18:08:42.671825
Start name method: click modal window close button

End time: 2025-09-06 18:08:42.868717
End name method: click modal window close button
URL: https://www.skvot.com/

-----

-----
Test: tests/ui/test_login.py::TestLogin::test_empty_login (call)
Start time: 2025-09-06 18:08:42.869028
Start name method: login

End time: 2025-09-06 18:08:48.142440
End name method: login
URL: https://www.skvot.com/

-----

-----
Test: tests/ui/test_search_product.py::TestSearchProduct::test_search_valid_product (call)
Start time: 2025-09-06 18:08:51.861736
Start name method: search item

End time: 2025-09-06 18:08:56.514915
End name method: search item
URL: https://www.skvot.com/search?text=%D0%B1%D1%83%D1%88%D0%B8%D0%BD%D0%B3

-----

-----
Test: tests/ui/test_search_product.py::TestSearchProduct::test_search_invalid_product (call)
Start time: 2025-09-06 18:09:04.361745
Start name method: search item

End time: 2025-09-06 18:09:09.043574
End name method: search item
URL: https://www.skvot.com/search?text=%D0%B4%D1%83%D1%80%D1%88%D0%BB%D0%B0%D0%B3

-----

-----
Test: tests/ui/test_product_page.py::TestProductPage::test_product_page_1 (call)
Start time: 2025-09-06 18:09:17.102209
Start name method: click modal window close button

End time: 2025-09-06 18:09:17.166603
End name method: click modal window close button
URL: https://www.skvot.com/catalog/skateboarding/skate-deck-skvot-knight-CB-00020952

-----

-----
Test: tests/ui/test_product_page.py::TestProductPage::test_product_page_1 (call)
Start time: 2025-09-06 18:09:17.166916
Start name method: check product page

End time: 2025-09-06 18:09:19.464998
End name method: check product page
URL: https://www.skvot.com/catalog/skateboarding/skate-deck-skvot-knight-CB-00020952

-----

-----
Test: tests/ui/test_product_page.py::TestProductPage::test_product_page_2 (call)
Start time: 2025-09-06 18:09:25.089520
Start name method: click modal window close button

End time: 2025-09-06 18:09:25.175595
End name method: click modal window close button
URL: https://www.skvot.com/catalog/clothing/shirts-c1rca-victory-tee-green-bottle-CB-00013927

-----

-----
Test: tests/ui/test_product_page.py::TestProductPage::test_product_page_2 (call)
Start time: 2025-09-06 18:09:25.175910
Start name method: check product page

End time: 2025-09-06 18:09:27.349994
End name method: check product page
URL: https://www.skvot.com/catalog/clothing/shirts-c1rca-victory-tee-green-bottle-CB-00013927

-----

-----
Test: tests/ui/test_add_product_to_cart.py::TestAddProductToCart::test_add_product_to_cart (call)
Start time: 2025-09-06 18:09:32.936644
Start name method: click modal window close button

End time: 2025-09-06 18:09:33.155608
End name method: click modal window close button
URL: https://www.skvot.com/catalog/skateboarding/skate-deck-skvot-knight-CB-00020952

-----

-----
Test: tests/ui/test_add_product_to_cart.py::TestAddProductToCart::test_add_product_to_cart (call)
Start time: 2025-09-06 18:09:33.155912
Start name method: add product to cart

End time: 2025-09-06 18:09:34.264812
End name method: add product to cart
URL: https://www.skvot.com/catalog/skateboarding/skate-deck-skvot-knight-CB-00020952

-----

-----
Test: tests/ui/test_add_product_to_cart.py::TestAddProductToCart::test_add_product_to_cart (call)
Start time: 2025-09-06 18:09:34.265137
Start name method: check product info from cart


-----
Test: tests/ui/test_add_product_to_cart.py::TestAddProductToCart::test_add_product_to_cart_by_filters (call)
Start time: 2025-09-06 18:09:40.957890
Start name method: click modal window close button

End time: 2025-09-06 18:09:41.166380
End name method: click modal window close button
URL: https://www.skvot.com/

-----

-----
Test: tests/ui/test_add_product_to_cart.py::TestAddProductToCart::test_add_product_to_cart_by_filters (call)
Start time: 2025-09-06 18:09:41.166780
Start name method: add_product_1_to_cart

