
-----
Test: tests/ui/test_fill_shipping_info.py::TestFillShippingInfo::test_fill_shipping_info (call)
Start time: 2025-09-08 09:23:23.239346
Start name method: add product to cart

End time: 2025-09-08 09:23:24.481528
End name method: add product to cart
URL: https://www.skvot.com/catalog/skateboarding/skate-deck-skvot-knight-CB-00020952

-----

-----
Test: tests/ui/test_fill_shipping_info.py::TestFillShippingInfo::test_fill_shipping_info (call)
Start time: 2025-09-08 09:23:24.721970
Start name method: login

End time: 2025-09-08 09:23:28.520802
End name method: login
URL: https://www.skvot.com/cart

-----

-----
Test: tests/ui/test_fill_shipping_info.py::TestFillShippingInfo::test_fill_shipping_info (call)
Start time: 2025-09-08 09:23:28.521412
Start name method: fill_shipping_info

End time: 2025-09-08 09:23:35.458910
End name method: fill_shipping_info
URL: https://www.skvot.com/cart/ordering

-----

-----
Test: tests/ui/test_fill_shipping_info.py::TestFillShippingInfo::test_fill_shipping_info (call)
Start time: 2025-09-08 09:23:35.459161
Start name method: clean_cart

End time: 2025-09-08 09:23:36.792106
End name method: clean_cart
URL: https://www.skvot.com/cart/ordering

-----
