
-----
Test: tests/ui/test_login.py::TestLogin::test_login_valid (call)
Start time: 2025-08-22 12:28:56.861473
Start name method: click modal window close button

End time: 2025-08-22 12:28:57.130444
End name method: click modal window close button
URL: https://www.skvot.com/

-----

-----
Test: tests/ui/test_login.py::TestLogin::test_login_valid (call)
Start time: 2025-08-22 12:28:57.130771
Start name method: login

End time: 2025-08-22 12:29:02.514194
End name method: login
URL: https://www.skvot.com/

-----

-----
Test: tests/ui/test_login.py::TestLogin::test_login_invalid_email (call)
Start time: 2025-08-22 12:29:08.094842
Start name method: click modal window close button

End time: 2025-08-22 12:29:08.343606
End name method: click modal window close button
URL: https://www.skvot.com/

-----

-----
Test: tests/ui/test_login.py::TestLogin::test_login_invalid_email (call)
Start time: 2025-08-22 12:29:08.343915
Start name method: login

End time: 2025-08-22 12:29:13.710440
End name method: login
URL: https://www.skvot.com/

-----

-----
Test: tests/ui/test_login.py::TestLogin::test_login_invalid_password (call)
Start time: 2025-08-22 12:29:18.687828
Start name method: click modal window close button

End time: 2025-08-22 12:29:19.381469
End name method: click modal window close button
URL: https://www.skvot.com/

-----

-----
Test: tests/ui/test_login.py::TestLogin::test_login_invalid_password (call)
Start time: 2025-08-22 12:29:19.382040
Start name method: login

End time: 2025-08-22 12:29:24.719041
End name method: login
URL: https://www.skvot.com/

-----

-----
Test: tests/ui/test_login.py::TestLogin::test_empty_login (call)
Start time: 2025-08-22 12:29:30.337547
Start name method: click modal window close button

End time: 2025-08-22 12:29:30.583901
End name method: click modal window close button
URL: https://www.skvot.com/

-----

-----
Test: tests/ui/test_login.py::TestLogin::test_empty_login (call)
Start time: 2025-08-22 12:29:30.584227
Start name method: login

End time: 2025-08-22 12:29:35.881187
End name method: login
URL: https://www.skvot.com/

-----

-----
Test: tests/ui/test_search_product.py::TestSearchProduct::test_search_valid_product (call)
Start time: 2025-08-22 12:29:41.984103
Start name method: search item

End time: 2025-08-22 12:29:46.357233
End name method: search item
URL: https://www.skvot.com/search?text=%D0%B1%D1%83%D1%88%D0%B8%D0%BD%D0%B3

-----

-----
Test: tests/ui/test_search_product.py::TestSearchProduct::test_search_invalid_product (call)
Start time: 2025-08-22 12:29:52.181637
Start name method: search item

End time: 2025-08-22 12:29:56.780041
End name method: search item
URL: https://www.skvot.com/search?text=%D0%B4%D1%83%D1%80%D1%88%D0%BB%D0%B0%D0%B3

-----

-----
Test: tests/ui/test_product_page.py::TestProductPage::test_product_page_1 (call)
Start time: 2025-08-22 12:30:01.915820
Start name method: click modal window close button

End time: 2025-08-22 12:30:02.684665
End name method: click modal window close button
URL: https://www.skvot.com/catalog/skateboarding/skate-deck-skvot-knight-CB-00020952

-----

-----
Test: tests/ui/test_product_page.py::TestProductPage::test_product_page_1 (call)
Start time: 2025-08-22 12:30:02.685084
Start name method: check product page

End time: 2025-08-22 12:30:04.952181
End name method: check product page
URL: https://www.skvot.com/catalog/skateboarding/skate-deck-skvot-knight-CB-00020952

-----

-----
Test: tests/ui/test_product_page.py::TestProductPage::test_product_page_2 (call)
Start time: 2025-08-22 12:30:10.855294
Start name method: click modal window close button

End time: 2025-08-22 12:30:10.937306
End name method: click modal window close button
URL: https://www.skvot.com/catalog/clothing/shirts-c1rca-victory-tee-green-bottle-CB-00013927

-----

-----
Test: tests/ui/test_product_page.py::TestProductPage::test_product_page_2 (call)
Start time: 2025-08-22 12:30:10.938040
Start name method: check product page

End time: 2025-08-22 12:30:13.353810
End name method: check product page
URL: https://www.skvot.com/catalog/clothing/shirts-c1rca-victory-tee-green-bottle-CB-00013927

-----

-----
Test: tests/ui/test_add_product_to_cart.py::TestAddProductToCart::test_add_product_to_cart (call)
Start time: 2025-08-22 12:30:18.830214
Start name method: click modal window close button

End time: 2025-08-22 12:30:19.066934
End name method: click modal window close button
URL: https://www.skvot.com/catalog/skateboarding/skate-deck-skvot-knight-CB-00020952

-----

-----
Test: tests/ui/test_add_product_to_cart.py::TestAddProductToCart::test_add_product_to_cart (call)
Start time: 2025-08-22 12:30:19.067408
Start name method: add product to cart

End time: 2025-08-22 12:30:20.192426
End name method: add product to cart
URL: https://www.skvot.com/catalog/skateboarding/skate-deck-skvot-knight-CB-00020952

-----

-----
Test: tests/ui/test_add_product_to_cart.py::TestAddProductToCart::test_add_product_to_cart (call)
Start time: 2025-08-22 12:30:20.192892
Start name method: check product info from cart

End time: 2025-08-22 12:30:20.676645
End name method: check product info from cart
URL: https://www.skvot.com/catalog/skateboarding/skate-deck-skvot-knight-CB-00020952

-----

-----
Test: tests/ui/test_add_product_to_cart.py::TestAddProductToCart::test_add_product_to_cart (call)
Start time: 2025-08-22 12:30:20.677073
Start name method: clean cart


-----
Test: tests/ui/test_add_product_to_cart.py::TestAddProductToCart::test_add_product_to_cart_by_filters (call)
Start time: 2025-08-22 12:30:26.084606
Start name method: click modal window close button

End time: 2025-08-22 12:30:26.170202
End name method: click modal window close button
URL: https://www.skvot.com/

-----

-----
Test: tests/ui/test_add_product_to_cart.py::TestAddProductToCart::test_add_product_to_cart_by_filters (call)
Start time: 2025-08-22 12:30:26.170742
Start name method: add_product_1_to_cart

End time: 2025-08-22 12:30:40.361407
End name method: add_product_1_to_cart
URL: https://www.skvot.com/cart

-----

-----
Test: tests/ui/test_add_product_to_cart.py::TestAddProductToCart::test_add_product_to_cart_by_filters (call)
Start time: 2025-08-22 12:30:40.361833
Start name method: clean_cart

End time: 2025-08-22 12:30:40.706788
End name method: clean_cart
URL: https://www.skvot.com/cart

-----

-----
Test: tests/ui/test_add_product_to_cart.py::TestAddProductToCart::test_add_multiple_product_to_cart (call)
Start time: 2025-08-22 12:30:46.170140
Start name method: click modal window close button

End time: 2025-08-22 12:30:46.271095
End name method: click modal window close button
URL: https://www.skvot.com/catalog/skateboarding/skate-deck-skvot-knight-CB-00020952

-----

-----
Test: tests/ui/test_add_product_to_cart.py::TestAddProductToCart::test_add_multiple_product_to_cart (call)
Start time: 2025-08-22 12:30:46.271557
Start name method: add multiple product to cart

End time: 2025-08-22 12:30:49.198003
End name method: add multiple product to cart
URL: https://www.skvot.com/catalog/clothing/shirts-c1rca-victory-tee-green-bottle-CB-00013927

-----

-----
Test: tests/ui/test_add_product_to_cart.py::TestAddProductToCart::test_add_multiple_product_to_cart (call)
Start time: 2025-08-22 12:30:49.198483
Start name method: check product info from cart

End time: 2025-08-22 12:30:49.704483
End name method: check product info from cart
URL: https://www.skvot.com/catalog/clothing/shirts-c1rca-victory-tee-green-bottle-CB-00013927

-----

-----
Test: tests/ui/test_add_product_to_cart.py::TestAddProductToCart::test_add_multiple_product_to_cart (call)
Start time: 2025-08-22 12:30:49.704981
Start name method: clean cart

End time: 2025-08-22 12:30:50.031762
End name method: clean_cart
URL: https://www.skvot.com/catalog/clothing/shirts-c1rca-victory-tee-green-bottle-CB-00013927

-----

-----
Test: tests/ui/test_cart_page.py::TestCartPage::test_product_cart_page (call)
Start time: 2025-08-22 12:30:55.217726
Start name method: click modal window close button

End time: 2025-08-22 12:30:55.845090
End name method: click modal window close button
URL: https://www.skvot.com/catalog/skateboarding/skate-deck-skvot-knight-CB-00020952

-----

-----
Test: tests/ui/test_cart_page.py::TestCartPage::test_product_cart_page (call)
Start time: 2025-08-22 12:30:55.845588
Start name method: add product to cart

End time: 2025-08-22 12:30:56.960528
End name method: add product to cart
URL: https://www.skvot.com/catalog/skateboarding/skate-deck-skvot-knight-CB-00020952

-----

-----
Test: tests/ui/test_cart_page.py::TestCartPage::test_product_cart_page (call)
Start time: 2025-08-22 12:30:57.216785
Start name method: check_product_info

End time: 2025-08-22 12:30:57.368882
End name method: check_product_info
URL: https://www.skvot.com/cart

-----

-----
Test: tests/ui/test_cart_page.py::TestCartPage::test_product_cart_page (call)
Start time: 2025-08-22 12:30:57.369330
Start name method: check_total_cart_sum

End time: 2025-08-22 12:30:57.395971
End name method: check_total_cart_sum
URL: https://www.skvot.com/cart

-----

-----
Test: tests/ui/test_cart_page.py::TestCartPage::test_product_cart_page (call)
Start time: 2025-08-22 12:30:57.396426
Start name method: clean_cart

End time: 2025-08-22 12:30:58.735009
End name method: clean_cart
URL: https://www.skvot.com/cart

-----

-----
Test: tests/ui/test_cart_page.py::TestCartPage::test_multiple_product_cart_page (call)
Start time: 2025-08-22 12:31:04.171189
Start name method: click modal window close button

End time: 2025-08-22 12:31:04.395542
End name method: click modal window close button
URL: https://www.skvot.com/catalog/skateboarding/skate-deck-skvot-knight-CB-00020952

-----

-----
Test: tests/ui/test_cart_page.py::TestCartPage::test_multiple_product_cart_page (call)
Start time: 2025-08-22 12:31:04.396036
Start name method: add multiple product to cart

End time: 2025-08-22 12:31:07.087287
End name method: add multiple product to cart
URL: https://www.skvot.com/catalog/clothing/shirts-c1rca-victory-tee-green-bottle-CB-00013927

-----

-----
Test: tests/ui/test_cart_page.py::TestCartPage::test_multiple_product_cart_page (call)
Start time: 2025-08-22 12:31:07.330619
Start name method: check_product_info

End time: 2025-08-22 12:31:07.487110
End name method: check_product_info
URL: https://www.skvot.com/cart

-----

-----
Test: tests/ui/test_cart_page.py::TestCartPage::test_multiple_product_cart_page (call)
Start time: 2025-08-22 12:31:07.487579
Start name method: check_product_info

End time: 2025-08-22 12:31:07.515454
End name method: check_product_info
URL: https://www.skvot.com/cart

-----

-----
Test: tests/ui/test_cart_page.py::TestCartPage::test_multiple_product_cart_page (call)
Start time: 2025-08-22 12:31:07.515892
Start name method: check_total_cart_sum

End time: 2025-08-22 12:31:07.555644
End name method: check_total_cart_sum
URL: https://www.skvot.com/cart

-----

-----
Test: tests/ui/test_cart_page.py::TestCartPage::test_multiple_product_cart_page (call)
Start time: 2025-08-22 12:31:07.556098
Start name method: clean_cart

End time: 2025-08-22 12:31:08.892704
End name method: clean_cart
URL: https://www.skvot.com/cart

-----

-----
Test: tests/ui/test_fill_shipping_info.py::TestFillShippingInfo::test_fill_shipping_info (call)
Start time: 2025-08-22 12:31:13.798753
Start name method: click modal window close button

End time: 2025-08-22 12:31:14.563319
End name method: click modal window close button
URL: https://www.skvot.com/catalog/skateboarding/skate-deck-skvot-knight-CB-00020952

-----

-----
Test: tests/ui/test_fill_shipping_info.py::TestFillShippingInfo::test_fill_shipping_info (call)
Start time: 2025-08-22 12:31:14.563742
Start name method: add product to cart

End time: 2025-08-22 12:31:15.688539
End name method: add product to cart
URL: https://www.skvot.com/catalog/skateboarding/skate-deck-skvot-knight-CB-00020952

-----

-----
Test: tests/ui/test_fill_shipping_info.py::TestFillShippingInfo::test_fill_shipping_info (call)
Start time: 2025-08-22 12:31:15.991798
Start name method: login

End time: 2025-08-22 12:31:19.016759
End name method: login
URL: https://www.skvot.com/cart

-----

-----
Test: tests/ui/test_fill_shipping_info.py::TestFillShippingInfo::test_fill_shipping_info (call)
Start time: 2025-08-22 12:31:19.017264
Start name method: fill_shipping_info

End time: 2025-08-22 12:31:29.834310
End name method: fill_shipping_info
URL: https://www.skvot.com/cart/ordering

-----

-----
Test: tests/ui/test_fill_shipping_info.py::TestFillShippingInfo::test_fill_shipping_info (call)
Start time: 2025-08-22 12:31:29.834757
Start name method: clean_cart

End time: 2025-08-22 12:31:31.169402
End name method: clean_cart
URL: https://www.skvot.com/cart/ordering

-----

-----
Test: tests/ui/test_buy_product.py::TestBuyProduct::test_buy_product (call)
Start time: 2025-08-22 12:31:36.633903
Start name method: click modal window close button

End time: 2025-08-22 12:31:36.720217
End name method: click modal window close button
URL: https://www.skvot.com/catalog/skateboarding/skate-deck-skvot-knight-CB-00020952

-----

-----
Test: tests/ui/test_buy_product.py::TestBuyProduct::test_buy_product (call)
Start time: 2025-08-22 12:31:36.720706
Start name method: check product page

End time: 2025-08-22 12:31:39.094955
End name method: check product page
URL: https://www.skvot.com/catalog/skateboarding/skate-deck-skvot-knight-CB-00020952

-----

-----
Test: tests/ui/test_buy_product.py::TestBuyProduct::test_buy_product (call)
Start time: 2025-08-22 12:31:39.095378
Start name method: add product to cart

End time: 2025-08-22 12:31:40.207606
End name method: add product to cart
URL: https://www.skvot.com/catalog/skateboarding/skate-deck-skvot-knight-CB-00020952

-----

-----
Test: tests/ui/test_buy_product.py::TestBuyProduct::test_buy_product (call)
Start time: 2025-08-22 12:31:40.208173
Start name method: check product info from cart

End time: 2025-08-22 12:31:40.674883
End name method: check product info from cart
URL: https://www.skvot.com/catalog/skateboarding/skate-deck-skvot-knight-CB-00020952

-----

-----
Test: tests/ui/test_buy_product.py::TestBuyProduct::test_buy_product (call)
Start time: 2025-08-22 12:31:41.051849
Start name method: check_product_info

End time: 2025-08-22 12:31:41.097046
End name method: check_product_info
URL: https://www.skvot.com/cart

-----

-----
Test: tests/ui/test_buy_product.py::TestBuyProduct::test_buy_product (call)
Start time: 2025-08-22 12:31:41.097510
Start name method: check_total_cart_sum

End time: 2025-08-22 12:31:41.126163
End name method: check_total_cart_sum
URL: https://www.skvot.com/cart

-----

-----
Test: tests/ui/test_buy_product.py::TestBuyProduct::test_buy_product (call)
Start time: 2025-08-22 12:31:41.126612
Start name method: login

End time: 2025-08-22 12:31:43.924776
End name method: login
URL: https://www.skvot.com/cart

-----

-----
Test: tests/ui/test_buy_product.py::TestBuyProduct::test_buy_product (call)
Start time: 2025-08-22 12:31:43.925279
Start name method: fill_shipping_info

End time: 2025-08-22 12:31:54.889113
End name method: fill_shipping_info
URL: https://www.skvot.com/cart/ordering

-----

-----
Test: tests/ui/test_buy_product.py::TestBuyProduct::test_buy_product (call)
Start time: 2025-08-22 12:31:54.889562
Start name method: clean_cart

End time: 2025-08-22 12:31:56.252748
End name method: clean_cart
URL: https://www.skvot.com/cart/ordering

-----
