
-----
Test: tests/ui/test_login.py::TestLogin::test_login_valid (call)
Start time: 2025-09-06 23:24:16.607032
Start name method: click modal window close button

End time: 2025-09-06 23:24:16.660045
End name method: click modal window close button
URL: https://www.skvot.com/

-----

-----
Test: tests/ui/test_login.py::TestLogin::test_login_valid (call)
Start time: 2025-09-06 23:24:16.660483
Start name method: login

End time: 2025-09-06 23:24:22.437484
End name method: login
URL: https://www.skvot.com/

-----

-----
Test: tests/ui/test_login.py::TestLogin::test_login_invalid_email (call)
Start time: 2025-09-06 23:24:27.856035
Start name method: click modal window close button

End time: 2025-09-06 23:24:27.934964
End name method: click modal window close button
URL: https://www.skvot.com/

-----

-----
Test: tests/ui/test_login.py::TestLogin::test_login_invalid_email (call)
Start time: 2025-09-06 23:24:27.935228
Start name method: login

End time: 2025-09-06 23:24:33.349964
End name method: login
URL: https://www.skvot.com/

-----

-----
Test: tests/ui/test_login.py::TestLogin::test_login_invalid_password (call)
Start time: 2025-09-06 23:24:39.057158
Start name method: click modal window close button

End time: 2025-09-06 23:24:39.169777
End name method: click modal window close button
URL: https://www.skvot.com/

-----

-----
Test: tests/ui/test_login.py::TestLogin::test_login_invalid_password (call)
Start time: 2025-09-06 23:24:39.170162
Start name method: login

End time: 2025-09-06 23:24:44.547724
End name method: login
URL: https://www.skvot.com/

-----

-----
Test: tests/ui/test_login.py::TestLogin::test_empty_login (call)
Start time: 2025-09-06 23:24:50.886841
Start name method: click modal window close button

End time: 2025-09-06 23:24:50.941631
End name method: click modal window close button
URL: https://www.skvot.com/

-----

-----
Test: tests/ui/test_login.py::TestLogin::test_empty_login (call)
Start time: 2025-09-06 23:24:50.941959
Start name method: login

End time: 2025-09-06 23:24:56.283945
End name method: login
URL: https://www.skvot.com/

-----

-----
Test: tests/ui/test_search_product.py::TestSearchProduct::test_search_valid_product (call)
Start time: 2025-09-06 23:25:00.260932
Start name method: search item

End time: 2025-09-06 23:25:03.591617
End name method: search item
URL: https://www.skvot.com/search?text=%D0%B1%D1%83%D1%88%D0%B8%D0%BD%D0%B3

-----

-----
Test: tests/ui/test_search_product.py::TestSearchProduct::test_search_invalid_product (call)
Start time: 2025-09-06 23:25:09.597717
Start name method: search item

End time: 2025-09-06 23:25:13.052466
End name method: search item
URL: https://www.skvot.com/search?text=%D0%B4%D1%83%D1%80%D1%88%D0%BB%D0%B0%D0%B3

-----

-----
Test: tests/ui/test_product_page.py::TestProductPage::test_product_page_1 (call)
Start time: 2025-09-06 23:25:19.218874
Start name method: click modal window close button

End time: 2025-09-06 23:25:19.305970
End name method: click modal window close button
URL: https://www.skvot.com/catalog/skateboarding/skate-deck-skvot-knight-CB-00020952

-----

-----
Test: tests/ui/test_product_page.py::TestProductPage::test_product_page_1 (call)
Start time: 2025-09-06 23:25:19.306295
Start name method: check product page

End time: 2025-09-06 23:25:21.559867
End name method: check product page
URL: https://www.skvot.com/catalog/skateboarding/skate-deck-skvot-knight-CB-00020952

-----
