
-----
Test: tests/ui/test_fill_shipping_info.py::TestFillShippingInfo::test_fill_shipping_info (call)
Start time: 2025-09-08 08:35:50.439067
Start name method: click modal window close button

End time: 2025-09-08 08:35:50.508595
End name method: click modal window close button
URL: https://www.skvot.com/catalog/skateboarding/skate-deck-skvot-knight-CB-00020952

-----

-----
Test: tests/ui/test_fill_shipping_info.py::TestFillShippingInfo::test_fill_shipping_info (call)
Start time: 2025-09-08 08:35:50.508938
Start name method: add product to cart

End time: 2025-09-08 08:35:51.730247
End name method: add product to cart
URL: https://www.skvot.com/catalog/skateboarding/skate-deck-skvot-knight-CB-00020952

-----

-----
Test: tests/ui/test_fill_shipping_info.py::TestFillShippingInfo::test_fill_shipping_info (call)
Start time: 2025-09-08 08:35:52.045649
Start name method: login

End time: 2025-09-08 08:35:55.033312
End name method: login
URL: https://www.skvot.com/cart

-----

-----
Test: tests/ui/test_fill_shipping_info.py::TestFillShippingInfo::test_fill_shipping_info (call)
Start time: 2025-09-08 08:35:55.033648
Start name method: fill_shipping_info

End time: 2025-09-08 08:36:01.801924
End name method: fill_shipping_info
URL: https://www.skvot.com/cart/ordering

-----

-----
Test: tests/ui/test_fill_shipping_info.py::TestFillShippingInfo::test_fill_shipping_info (call)
Start time: 2025-09-08 08:36:01.802178
Start name method: clean_cart

End time: 2025-09-08 08:36:03.129016
End name method: clean_cart
URL: https://www.skvot.com/cart/ordering

-----
