
-----
Test: tests/ui/test_login.py::TestLogin::test_login_valid (call)
Start time: 2025-09-06 19:21:45.861245
Start name method: click modal window close button

End time: 2025-09-06 19:21:45.963533
End name method: click modal window close button
URL: https://www.skvot.com/

-----

-----
Test: tests/ui/test_login.py::TestLogin::test_login_valid (call)
Start time: 2025-09-06 19:21:45.963890
Start name method: login

End time: 2025-09-06 19:21:51.283299
End name method: login
URL: https://www.skvot.com/

-----

-----
Test: tests/ui/test_login.py::TestLogin::test_login_invalid_email (call)
Start time: 2025-09-06 19:21:56.845270
Start name method: click modal window close button

End time: 2025-09-06 19:21:57.086307
End name method: click modal window close button
URL: https://www.skvot.com/

-----

-----
Test: tests/ui/test_login.py::TestLogin::test_login_invalid_email (call)
Start time: 2025-09-06 19:21:57.086648
Start name method: login

End time: 2025-09-06 19:22:02.372678
End name method: login
URL: https://www.skvot.com/

-----

-----
Test: tests/ui/test_login.py::TestLogin::test_login_invalid_password (call)
Start time: 2025-09-06 19:22:08.565064
Start name method: click modal window close button

End time: 2025-09-06 19:22:08.803971
End name method: click modal window close button
URL: https://www.skvot.com/

-----

-----
Test: tests/ui/test_login.py::TestLogin::test_login_invalid_password (call)
Start time: 2025-09-06 19:22:08.804431
Start name method: login

End time: 2025-09-06 19:22:14.072551
End name method: login
URL: https://www.skvot.com/

-----
