
-----
Test: tests/ui/test_login.py::TestLogin::test_login_valid (call)
Start time: 2025-09-06 17:27:00.919773
Start name method: click modal window close button

End time: 2025-09-06 17:27:01.877835
End name method: click modal window close button
URL: https://www.skvot.com/

-----

-----
Test: tests/ui/test_login.py::TestLogin::test_login_valid (call)
Start time: 2025-09-06 17:27:01.878256
Start name method: login

End time: 2025-09-06 17:27:07.213350
End name method: login
URL: https://www.skvot.com/

-----

-----
Test: tests/ui/test_login.py::TestLogin::test_login_invalid_email (call)
Start time: 2025-09-06 17:27:12.639659
Start name method: click modal window close button

End time: 2025-09-06 17:27:13.419060
End name method: click modal window close button
URL: https://www.skvot.com/

-----

-----
Test: tests/ui/test_login.py::TestLogin::test_login_invalid_email (call)
Start time: 2025-09-06 17:27:13.419381
Start name method: login

End time: 2025-09-06 17:27:18.716601
End name method: login
URL: https://www.skvot.com/

-----

-----
Test: tests/ui/test_login.py::TestLogin::test_login_invalid_password (call)
Start time: 2025-09-06 17:27:24.571665
Start name method: click modal window close button

End time: 2025-09-06 17:27:24.809270
End name method: click modal window close button
URL: https://www.skvot.com/

-----

-----
Test: tests/ui/test_login.py::TestLogin::test_login_invalid_password (call)
Start time: 2025-09-06 17:27:24.809579
Start name method: login

End time: 2025-09-06 17:27:30.122675
End name method: login
URL: https://www.skvot.com/

-----

-----
Test: tests/ui/test_login.py::TestLogin::test_empty_login (call)
Start time: 2025-09-06 17:27:38.040069
Start name method: click modal window close button

End time: 2025-09-06 17:27:38.227365
End name method: click modal window close button
URL: https://www.skvot.com/

-----

-----
Test: tests/ui/test_login.py::TestLogin::test_empty_login (call)
Start time: 2025-09-06 17:27:38.227724
Start name method: login

End time: 2025-09-06 17:27:43.481780
End name method: login
URL: https://www.skvot.com/

-----

-----
Test: tests/ui/test_search_product.py::TestSearchProduct::test_search_valid_product (call)
Start time: 2025-09-06 17:27:47.456824
Start name method: search item

End time: 2025-09-06 17:27:52.531336
End name method: search item
URL: https://www.skvot.com/search?text=%D0%B1%D1%83%D1%88%D0%B8%D0%BD%D0%B3

-----

-----
Test: tests/ui/test_search_product.py::TestSearchProduct::test_search_invalid_product (call)
Start time: 2025-09-06 17:27:58.415619
Start name method: search item

End time: 2025-09-06 17:28:03.108100
End name method: search item
URL: https://www.skvot.com/search?text=%D0%B4%D1%83%D1%80%D1%88%D0%BB%D0%B0%D0%B3

-----

-----
Test: tests/ui/test_product_page.py::TestProductPage::test_product_page_1 (call)
Start time: 2025-09-06 17:28:10.641175
Start name method: click modal window close button

End time: 2025-09-06 17:28:10.705583
End name method: click modal window close button
URL: https://www.skvot.com/catalog/skateboarding/skate-deck-skvot-knight-CB-00020952

-----

-----
Test: tests/ui/test_product_page.py::TestProductPage::test_product_page_1 (call)
Start time: 2025-09-06 17:28:10.705898
Start name method: check product page

End time: 2025-09-06 17:28:13.054827
End name method: check product page
URL: https://www.skvot.com/catalog/skateboarding/skate-deck-skvot-knight-CB-00020952

-----

-----
Test: tests/ui/test_product_page.py::TestProductPage::test_product_page_2 (call)
Start time: 2025-09-06 17:28:18.590841
Start name method: click modal window close button

End time: 2025-09-06 17:28:18.657371
End name method: click modal window close button
URL: https://www.skvot.com/catalog/clothing/shirts-c1rca-victory-tee-green-bottle-CB-00013927

-----

-----
Test: tests/ui/test_product_page.py::TestProductPage::test_product_page_2 (call)
Start time: 2025-09-06 17:28:18.657682
Start name method: check product page

End time: 2025-09-06 17:28:20.968632
End name method: check product page
URL: https://www.skvot.com/catalog/clothing/shirts-c1rca-victory-tee-green-bottle-CB-00013927

-----

-----
Test: tests/ui/test_add_product_to_cart.py::TestAddProductToCart::test_add_product_to_cart (call)
Start time: 2025-09-06 17:28:29.318222
Start name method: click modal window close button

End time: 2025-09-06 17:28:29.499807
End name method: click modal window close button
URL: https://www.skvot.com/catalog/skateboarding/skate-deck-skvot-knight-CB-00020952

-----

-----
Test: tests/ui/test_add_product_to_cart.py::TestAddProductToCart::test_add_product_to_cart (call)
Start time: 2025-09-06 17:28:29.500129
Start name method: add product to cart

End time: 2025-09-06 17:28:30.656536
End name method: add product to cart
URL: https://www.skvot.com/catalog/skateboarding/skate-deck-skvot-knight-CB-00020952

-----

-----
Test: tests/ui/test_add_product_to_cart.py::TestAddProductToCart::test_add_product_to_cart (call)
Start time: 2025-09-06 17:28:30.656983
Start name method: check product info from cart

End time: 2025-09-06 17:28:31.061769
End name method: check product info from cart
URL: https://www.skvot.com/catalog/skateboarding/skate-deck-skvot-knight-CB-00020952

-----

-----
Test: tests/ui/test_add_product_to_cart.py::TestAddProductToCart::test_add_product_to_cart (call)
Start time: 2025-09-06 17:28:31.062073
Start name method: clean cart

End time: 2025-09-06 17:28:31.391882
End name method: clean_cart
URL: https://www.skvot.com/catalog/skateboarding/skate-deck-skvot-knight-CB-00020952#

-----

-----
Test: tests/ui/test_add_product_to_cart.py::TestAddProductToCart::test_add_product_to_cart_by_filters (call)
Start time: 2025-09-06 17:28:37.748651
Start name method: click modal window close button

End time: 2025-09-06 17:28:38.074980
End name method: click modal window close button
URL: https://www.skvot.com/

-----

-----
Test: tests/ui/test_add_product_to_cart.py::TestAddProductToCart::test_add_product_to_cart_by_filters (call)
Start time: 2025-09-06 17:28:38.075249
Start name method: add_product_1_to_cart


-----
Test: tests/ui/test_add_product_to_cart.py::TestAddProductToCart::test_add_multiple_product_to_cart (call)
Start time: 2025-09-06 17:28:56.583710
Start name method: click modal window close button

End time: 2025-09-06 17:28:57.403281
End name method: click modal window close button
URL: https://www.skvot.com/catalog/skateboarding/skate-deck-skvot-knight-CB-00020952

-----

-----
Test: tests/ui/test_add_product_to_cart.py::TestAddProductToCart::test_add_multiple_product_to_cart (call)
Start time: 2025-09-06 17:28:57.403644
Start name method: add multiple product to cart

End time: 2025-09-06 17:29:00.135862
End name method: add multiple product to cart
URL: https://www.skvot.com/catalog/clothing/shirts-c1rca-victory-tee-green-bottle-CB-00013927

-----

-----
Test: tests/ui/test_add_product_to_cart.py::TestAddProductToCart::test_add_multiple_product_to_cart (call)
Start time: 2025-09-06 17:29:00.136295
Start name method: check product info from cart

End time: 2025-09-06 17:29:00.544399
End name method: check product info from cart
URL: https://www.skvot.com/catalog/clothing/shirts-c1rca-victory-tee-green-bottle-CB-00013927

-----

-----
Test: tests/ui/test_add_product_to_cart.py::TestAddProductToCart::test_add_multiple_product_to_cart (call)
Start time: 2025-09-06 17:29:00.544677
Start name method: clean cart

End time: 2025-09-06 17:29:00.873672
End name method: clean_cart
URL: https://www.skvot.com/catalog/clothing/shirts-c1rca-victory-tee-green-bottle-CB-00013927

-----

-----
Test: tests/ui/test_cart_page.py::TestCartPage::test_product_cart_page (call)
Start time: 2025-09-06 17:29:06.867972
Start name method: click modal window close button

End time: 2025-09-06 17:29:06.932485
End name method: click modal window close button
URL: https://www.skvot.com/catalog/skateboarding/skate-deck-skvot-knight-CB-00020952

-----

-----
Test: tests/ui/test_cart_page.py::TestCartPage::test_product_cart_page (call)
Start time: 2025-09-06 17:29:06.932795
Start name method: add product to cart

End time: 2025-09-06 17:29:08.052705
End name method: add product to cart
URL: https://www.skvot.com/catalog/skateboarding/skate-deck-skvot-knight-CB-00020952

-----

-----
Test: tests/ui/test_cart_page.py::TestCartPage::test_product_cart_page (call)
Start time: 2025-09-06 17:29:08.516544
Start name method: check_product_info

End time: 2025-09-06 17:29:08.667205
End name method: check_product_info
URL: https://www.skvot.com/cart

-----

-----
Test: tests/ui/test_cart_page.py::TestCartPage::test_product_cart_page (call)
Start time: 2025-09-06 17:29:08.667531
Start name method: check_total_cart_sum

End time: 2025-09-06 17:29:08.691635
End name method: check_total_cart_sum
URL: https://www.skvot.com/cart

-----

-----
Test: tests/ui/test_cart_page.py::TestCartPage::test_product_cart_page (call)
Start time: 2025-09-06 17:29:08.691939
Start name method: clean_cart

End time: 2025-09-06 17:29:10.026431
End name method: clean_cart
URL: https://www.skvot.com/cart

-----

-----
Test: tests/ui/test_cart_page.py::TestCartPage::test_multiple_product_cart_page (call)
Start time: 2025-09-06 17:29:18.683900
Start name method: click modal window close button

End time: 2025-09-06 17:29:18.746118
End name method: click modal window close button
URL: https://www.skvot.com/catalog/skateboarding/skate-deck-skvot-knight-CB-00020952

-----

-----
Test: tests/ui/test_cart_page.py::TestCartPage::test_multiple_product_cart_page (call)
Start time: 2025-09-06 17:29:18.746463
Start name method: add multiple product to cart

End time: 2025-09-06 17:29:24.518246
End name method: add multiple product to cart
URL: https://www.skvot.com/catalog/clothing/shirts-c1rca-victory-tee-green-bottle-CB-00013927

-----

-----
Test: tests/ui/test_cart_page.py::TestCartPage::test_multiple_product_cart_page (call)
Start time: 2025-09-06 17:29:24.746854
Start name method: check_product_info

End time: 2025-09-06 17:29:24.901532
End name method: check_product_info
URL: https://www.skvot.com/cart

-----

-----
Test: tests/ui/test_cart_page.py::TestCartPage::test_multiple_product_cart_page (call)
Start time: 2025-09-06 17:29:24.901869
Start name method: check_product_info

End time: 2025-09-06 17:29:24.928391
End name method: check_product_info
URL: https://www.skvot.com/cart

-----

-----
Test: tests/ui/test_cart_page.py::TestCartPage::test_multiple_product_cart_page (call)
Start time: 2025-09-06 17:29:24.928762
Start name method: check_total_cart_sum

End time: 2025-09-06 17:29:24.952532
End name method: check_total_cart_sum
URL: https://www.skvot.com/cart

-----

-----
Test: tests/ui/test_cart_page.py::TestCartPage::test_multiple_product_cart_page (call)
Start time: 2025-09-06 17:29:24.952837
Start name method: clean_cart

End time: 2025-09-06 17:29:26.276646
End name method: clean_cart
URL: https://www.skvot.com/cart

-----

-----
Test: tests/ui/test_fill_shipping_info.py::TestFillShippingInfo::test_fill_shipping_info (call)
Start time: 2025-09-06 17:29:46.554556
Start name method: click modal window close button

End time: 2025-09-06 17:29:47.396765
End name method: click modal window close button
URL: https://www.skvot.com/catalog/skateboarding/skate-deck-skvot-knight-CB-00020952

-----

-----
Test: tests/ui/test_fill_shipping_info.py::TestFillShippingInfo::test_fill_shipping_info (call)
Start time: 2025-09-06 17:29:47.397047
Start name method: add product to cart

End time: 2025-09-06 17:29:48.519198
End name method: add product to cart
URL: https://www.skvot.com/catalog/skateboarding/skate-deck-skvot-knight-CB-00020952

-----

-----
Test: tests/ui/test_buy_product.py::TestBuyProduct::test_buy_product (call)
Start time: 2025-09-06 17:31:51.668920
Start name method: click modal window close button

End time: 2025-09-06 17:31:52.482920
End name method: click modal window close button
URL: https://www.skvot.com/catalog/skateboarding/skate-deck-skvot-knight-CB-00020952

-----

-----
Test: tests/ui/test_buy_product.py::TestBuyProduct::test_buy_product (call)
Start time: 2025-09-06 17:31:52.483260
Start name method: check product page

End time: 2025-09-06 17:31:54.683685
End name method: check product page
URL: https://www.skvot.com/catalog/skateboarding/skate-deck-skvot-knight-CB-00020952

-----

-----
Test: tests/ui/test_buy_product.py::TestBuyProduct::test_buy_product (call)
Start time: 2025-09-06 17:31:54.683925
Start name method: add product to cart

End time: 2025-09-06 17:31:55.798713
End name method: add product to cart
URL: https://www.skvot.com/catalog/skateboarding/skate-deck-skvot-knight-CB-00020952

-----

-----
Test: tests/ui/test_buy_product.py::TestBuyProduct::test_buy_product (call)
Start time: 2025-09-06 17:31:55.799000
Start name method: check product info from cart

