
-----
Test: tests/ui/test_fill_shipping_info.py::TestFillShippingInfo::test_fill_shipping_info (call)
Start time: 2025-09-08 09:13:50.930169
Start name method: add product to cart

End time: 2025-09-08 09:13:52.171588
End name method: add product to cart
URL: https://www.skvot.com/catalog/skateboarding/skate-deck-skvot-knight-CB-00020952

-----

-----
Test: tests/ui/test_fill_shipping_info.py::TestFillShippingInfo::test_fill_shipping_info (call)
Start time: 2025-09-08 09:13:52.502344
Start name method: login

End time: 2025-09-08 09:13:55.201644
End name method: login
URL: https://www.skvot.com/cart

-----

-----
Test: tests/ui/test_fill_shipping_info.py::TestFillShippingInfo::test_fill_shipping_info (call)
Start time: 2025-09-08 09:13:55.202148
Start name method: fill_shipping_info

End time: 2025-09-08 09:14:02.077888
End name method: fill_shipping_info
URL: https://www.skvot.com/cart/ordering

-----

-----
Test: tests/ui/test_fill_shipping_info.py::TestFillShippingInfo::test_fill_shipping_info (call)
Start time: 2025-09-08 09:14:02.078162
Start name method: clean_cart

End time: 2025-09-08 09:14:03.416581
End name method: clean_cart
URL: https://www.skvot.com/cart/ordering

-----
