
-----
Test: tests/ui/test_login.py::TestLogin::test_login_valid (call)
Start time: 2025-09-07 00:06:19.544453
Start name method: click modal window close button

End time: 2025-09-07 00:06:19.709284
End name method: click modal window close button
URL: https://www.skvot.com/

-----

-----
Test: tests/ui/test_login.py::TestLogin::test_login_valid (call)
Start time: 2025-09-07 00:06:19.709571
Start name method: login

End time: 2025-09-07 00:06:25.199489
End name method: login
URL: https://www.skvot.com/

-----

-----
Test: tests/ui/test_login.py::TestLogin::test_login_invalid_email (call)
Start time: 2025-09-07 00:06:30.526328
Start name method: click modal window close button

End time: 2025-09-07 00:06:30.725561
End name method: click modal window close button
URL: https://www.skvot.com/

-----

-----
Test: tests/ui/test_login.py::TestLogin::test_login_invalid_email (call)
Start time: 2025-09-07 00:06:30.725863
Start name method: login

End time: 2025-09-07 00:06:36.066718
End name method: login
URL: https://www.skvot.com/

-----

-----
Test: tests/ui/test_login.py::TestLogin::test_login_invalid_password (call)
Start time: 2025-09-07 00:06:41.694172
Start name method: click modal window close button

End time: 2025-09-07 00:06:41.890890
End name method: click modal window close button
URL: https://www.skvot.com/

-----

-----
Test: tests/ui/test_login.py::TestLogin::test_login_invalid_password (call)
Start time: 2025-09-07 00:06:41.891211
Start name method: login

End time: 2025-09-07 00:06:47.193672
End name method: login
URL: https://www.skvot.com/

-----

-----
Test: tests/ui/test_login.py::TestLogin::test_empty_login (call)
Start time: 2025-09-07 00:06:55.199246
Start name method: click modal window close button

End time: 2025-09-07 00:06:55.360326
End name method: click modal window close button
URL: https://www.skvot.com/

-----

-----
Test: tests/ui/test_login.py::TestLogin::test_empty_login (call)
Start time: 2025-09-07 00:06:55.360642
Start name method: login

End time: 2025-09-07 00:07:00.697752
End name method: login
URL: https://www.skvot.com/

-----

-----
Test: tests/ui/test_search_product.py::TestSearchProduct::test_search_valid_product (call)
Start time: 2025-09-07 00:07:28.341410
Start name method: search item

End time: 2025-09-07 00:07:31.587852
End name method: search item
URL: https://www.skvot.com/search?text=%D0%B1%D1%83%D1%88%D0%B8%D0%BD%D0%B3

-----

-----
Test: tests/ui/test_search_product.py::TestSearchProduct::test_search_invalid_product (call)
Start time: 2025-09-07 00:07:38.779606
Start name method: search item

End time: 2025-09-07 00:07:43.110621
End name method: search item
URL: https://www.skvot.com/search?text=%D0%B4%D1%83%D1%80%D1%88%D0%BB%D0%B0%D0%B3

-----

-----
Test: tests/ui/test_product_page.py::TestProductPage::test_product_page_1 (call)
Start time: 2025-09-07 00:07:50.138328
Start name method: click modal window close button

End time: 2025-09-07 00:07:50.192886
End name method: click modal window close button
URL: https://www.skvot.com/catalog/skateboarding/skate-deck-skvot-knight-CB-00020952

-----

-----
Test: tests/ui/test_product_page.py::TestProductPage::test_product_page_1 (call)
Start time: 2025-09-07 00:07:50.193216
Start name method: check product page

End time: 2025-09-07 00:07:52.397292
End name method: check product page
URL: https://www.skvot.com/catalog/skateboarding/skate-deck-skvot-knight-CB-00020952

-----

-----
Test: tests/ui/test_product_page.py::TestProductPage::test_product_page_2 (call)
Start time: 2025-09-07 00:07:58.108706
Start name method: click modal window close button

End time: 2025-09-07 00:07:58.163068
End name method: click modal window close button
URL: https://www.skvot.com/catalog/clothing/shirts-c1rca-victory-tee-green-bottle-CB-00013927

-----

-----
Test: tests/ui/test_product_page.py::TestProductPage::test_product_page_2 (call)
Start time: 2025-09-07 00:07:58.163379
Start name method: check product page

End time: 2025-09-07 00:08:00.479875
End name method: check product page
URL: https://www.skvot.com/catalog/clothing/shirts-c1rca-victory-tee-green-bottle-CB-00013927

-----

-----
Test: tests/ui/test_add_product_to_cart.py::TestAddProductToCart::test_add_product_to_cart (call)
Start time: 2025-09-07 00:08:23.874478
Start name method: click modal window close button

End time: 2025-09-07 00:08:23.955745
End name method: click modal window close button
URL: https://www.skvot.com/catalog/skateboarding/skate-deck-skvot-knight-CB-00020952

-----

-----
Test: tests/ui/test_add_product_to_cart.py::TestAddProductToCart::test_add_product_to_cart (call)
Start time: 2025-09-07 00:08:23.956087
Start name method: add product to cart

End time: 2025-09-07 00:08:25.182214
End name method: add product to cart
URL: https://www.skvot.com/catalog/skateboarding/skate-deck-skvot-knight-CB-00020952

-----

-----
Test: tests/ui/test_add_product_to_cart.py::TestAddProductToCart::test_add_product_to_cart (call)
Start time: 2025-09-07 00:08:25.182662
Start name method: check product info from cart

End time: 2025-09-07 00:08:25.654883
End name method: check product info from cart
URL: https://www.skvot.com/catalog/skateboarding/skate-deck-skvot-knight-CB-00020952

-----

-----
Test: tests/ui/test_add_product_to_cart.py::TestAddProductToCart::test_add_product_to_cart (call)
Start time: 2025-09-07 00:08:25.655150
Start name method: clean cart

End time: 2025-09-07 00:08:25.978108
End name method: clean_cart
URL: https://www.skvot.com/catalog/skateboarding/skate-deck-skvot-knight-CB-00020952

-----

-----
Test: tests/ui/test_add_product_to_cart.py::TestAddProductToCart::test_add_product_to_cart_by_filters (call)
Start time: 2025-09-07 00:08:34.307225
Start name method: click modal window close button

End time: 2025-09-07 00:08:34.361649
End name method: click modal window close button
URL: https://www.skvot.com/

-----

-----
Test: tests/ui/test_add_product_to_cart.py::TestAddProductToCart::test_add_product_to_cart_by_filters (call)
Start time: 2025-09-07 00:08:34.361962
Start name method: add_product_1_to_cart

End time: 2025-09-07 00:08:48.603253
End name method: add_product_1_to_cart
URL: https://www.skvot.com/cart

-----

-----
Test: tests/ui/test_add_product_to_cart.py::TestAddProductToCart::test_add_product_to_cart_by_filters (call)
Start time: 2025-09-07 00:08:48.603648
Start name method: clean_cart

End time: 2025-09-07 00:08:48.921846
End name method: clean_cart
URL: https://www.skvot.com/cart

-----

-----
Test: tests/ui/test_add_product_to_cart.py::TestAddProductToCart::test_add_multiple_product_to_cart (call)
Start time: 2025-09-07 00:08:55.624871
Start name method: click modal window close button

End time: 2025-09-07 00:08:55.775832
End name method: click modal window close button
URL: https://www.skvot.com/catalog/skateboarding/skate-deck-skvot-knight-CB-00020952

-----

-----
Test: tests/ui/test_add_product_to_cart.py::TestAddProductToCart::test_add_multiple_product_to_cart (call)
Start time: 2025-09-07 00:08:55.776134
Start name method: add multiple product to cart

End time: 2025-09-07 00:08:58.659804
End name method: add multiple product to cart
URL: https://www.skvot.com/catalog/clothing/shirts-c1rca-victory-tee-green-bottle-CB-00013927

-----

-----
Test: tests/ui/test_add_product_to_cart.py::TestAddProductToCart::test_add_multiple_product_to_cart (call)
Start time: 2025-09-07 00:08:58.660228
Start name method: check product info from cart

End time: 2025-09-07 00:08:59.123607
End name method: check product info from cart
URL: https://www.skvot.com/catalog/clothing/shirts-c1rca-victory-tee-green-bottle-CB-00013927

-----

-----
Test: tests/ui/test_add_product_to_cart.py::TestAddProductToCart::test_add_multiple_product_to_cart (call)
Start time: 2025-09-07 00:08:59.123866
Start name method: clean cart

End time: 2025-09-07 00:08:59.474451
End name method: clean_cart
URL: https://www.skvot.com/catalog/clothing/shirts-c1rca-victory-tee-green-bottle-CB-00013927

-----

-----
Test: tests/ui/test_cart_page.py::TestCartPage::test_product_cart_page (call)
Start time: 2025-09-07 00:09:27.449393
Start name method: click modal window close button

End time: 2025-09-07 00:09:27.505193
End name method: click modal window close button
URL: https://www.skvot.com/catalog/skateboarding/skate-deck-skvot-knight-CB-00020952

-----

-----
Test: tests/ui/test_cart_page.py::TestCartPage::test_product_cart_page (call)
Start time: 2025-09-07 00:09:27.505549
Start name method: add product to cart

End time: 2025-09-07 00:09:28.599217
End name method: add product to cart
URL: https://www.skvot.com/catalog/skateboarding/skate-deck-skvot-knight-CB-00020952

-----

-----
Test: tests/ui/test_cart_page.py::TestCartPage::test_product_cart_page (call)
Start time: 2025-09-07 00:09:28.893211
Start name method: check_product_info

End time: 2025-09-07 00:09:28.938301
End name method: check_product_info
URL: https://www.skvot.com/cart

-----

-----
Test: tests/ui/test_cart_page.py::TestCartPage::test_product_cart_page (call)
Start time: 2025-09-07 00:09:28.938603
Start name method: check_total_cart_sum

End time: 2025-09-07 00:09:28.959896
End name method: check_total_cart_sum
URL: https://www.skvot.com/cart

-----

-----
Test: tests/ui/test_cart_page.py::TestCartPage::test_product_cart_page (call)
Start time: 2025-09-07 00:09:28.960197
Start name method: clean_cart

End time: 2025-09-07 00:09:30.278810
End name method: clean_cart
URL: https://www.skvot.com/cart

-----

-----
Test: tests/ui/test_cart_page.py::TestCartPage::test_multiple_product_cart_page (call)
Start time: 2025-09-07 00:09:43.403817
Start name method: click modal window close button

End time: 2025-09-07 00:09:43.454212
End name method: click modal window close button
URL: https://www.skvot.com/catalog/skateboarding/skate-deck-skvot-knight-CB-00020952

-----

-----
Test: tests/ui/test_cart_page.py::TestCartPage::test_multiple_product_cart_page (call)
Start time: 2025-09-07 00:09:43.454516
Start name method: add multiple product to cart

End time: 2025-09-07 00:09:49.085694
End name method: add multiple product to cart
URL: https://www.skvot.com/catalog/clothing/shirts-c1rca-victory-tee-green-bottle-CB-00013927

-----

-----
Test: tests/ui/test_cart_page.py::TestCartPage::test_multiple_product_cart_page (call)
Start time: 2025-09-07 00:09:49.248761
Start name method: check_product_info

End time: 2025-09-07 00:09:49.379485
End name method: check_product_info
URL: https://www.skvot.com/cart

-----

-----
Test: tests/ui/test_cart_page.py::TestCartPage::test_multiple_product_cart_page (call)
Start time: 2025-09-07 00:09:49.379786
Start name method: check_product_info

End time: 2025-09-07 00:09:49.403498
End name method: check_product_info
URL: https://www.skvot.com/cart

-----

-----
Test: tests/ui/test_cart_page.py::TestCartPage::test_multiple_product_cart_page (call)
Start time: 2025-09-07 00:09:49.403795
Start name method: check_total_cart_sum

End time: 2025-09-07 00:09:49.425393
End name method: check_total_cart_sum
URL: https://www.skvot.com/cart

-----

-----
Test: tests/ui/test_cart_page.py::TestCartPage::test_multiple_product_cart_page (call)
Start time: 2025-09-07 00:09:49.425682
Start name method: clean_cart

End time: 2025-09-07 00:09:50.745195
End name method: clean_cart
URL: https://www.skvot.com/cart

-----

-----
Test: tests/ui/test_fill_shipping_info.py::TestFillShippingInfo::test_fill_shipping_info (call)
Start time: 2025-09-07 00:09:58.887053
Start name method: click modal window close button

End time: 2025-09-07 00:09:58.940293
End name method: click modal window close button
URL: https://www.skvot.com/catalog/skateboarding/skate-deck-skvot-knight-CB-00020952

-----

-----
Test: tests/ui/test_fill_shipping_info.py::TestFillShippingInfo::test_fill_shipping_info (call)
Start time: 2025-09-07 00:09:58.940620
Start name method: add product to cart

End time: 2025-09-07 00:10:00.140842
End name method: add product to cart
URL: https://www.skvot.com/catalog/skateboarding/skate-deck-skvot-knight-CB-00020952

-----

-----
Test: tests/ui/test_fill_shipping_info.py::TestFillShippingInfo::test_fill_shipping_info (call)
Start time: 2025-09-07 00:10:00.362605
Start name method: login

End time: 2025-09-07 00:10:03.101706
End name method: login
URL: https://www.skvot.com/cart

-----

-----
Test: tests/ui/test_fill_shipping_info.py::TestFillShippingInfo::test_fill_shipping_info (call)
Start time: 2025-09-07 00:10:03.102026
Start name method: fill_shipping_info

End time: 2025-09-07 00:10:09.752032
End name method: fill_shipping_info
URL: https://www.skvot.com/cart/ordering

-----

-----
Test: tests/ui/test_fill_shipping_info.py::TestFillShippingInfo::test_fill_shipping_info (call)
Start time: 2025-09-07 00:10:09.752303
Start name method: clean_cart

End time: 2025-09-07 00:10:11.092046
End name method: clean_cart
URL: https://www.skvot.com/cart/ordering

-----

-----
Test: tests/ui/test_buy_product.py::TestBuyProduct::test_buy_product (call)
Start time: 2025-09-07 00:10:18.917895
Start name method: click modal window close button

End time: 2025-09-07 00:10:18.982582
End name method: click modal window close button
URL: https://www.skvot.com/catalog/skateboarding/skate-deck-skvot-knight-CB-00020952

-----

-----
Test: tests/ui/test_buy_product.py::TestBuyProduct::test_buy_product (call)
Start time: 2025-09-07 00:10:18.982896
Start name method: check product page

End time: 2025-09-07 00:10:21.209641
End name method: check product page
URL: https://www.skvot.com/catalog/skateboarding/skate-deck-skvot-knight-CB-00020952

-----

-----
Test: tests/ui/test_buy_product.py::TestBuyProduct::test_buy_product (call)
Start time: 2025-09-07 00:10:21.209897
Start name method: add product to cart

End time: 2025-09-07 00:10:22.315699
End name method: add product to cart
URL: https://www.skvot.com/catalog/skateboarding/skate-deck-skvot-knight-CB-00020952

-----

-----
Test: tests/ui/test_buy_product.py::TestBuyProduct::test_buy_product (call)
Start time: 2025-09-07 00:10:22.315991
Start name method: check product info from cart

End time: 2025-09-07 00:10:22.784472
End name method: check product info from cart
URL: https://www.skvot.com/catalog/skateboarding/skate-deck-skvot-knight-CB-00020952

-----

-----
Test: tests/ui/test_buy_product.py::TestBuyProduct::test_buy_product (call)
Start time: 2025-09-07 00:10:23.097885
Start name method: check_product_info

End time: 2025-09-07 00:10:23.151949
End name method: check_product_info
URL: https://www.skvot.com/cart

-----

-----
Test: tests/ui/test_buy_product.py::TestBuyProduct::test_buy_product (call)
Start time: 2025-09-07 00:10:23.152253
Start name method: check_total_cart_sum

End time: 2025-09-07 00:10:23.172732
End name method: check_total_cart_sum
URL: https://www.skvot.com/cart

-----

-----
Test: tests/ui/test_buy_product.py::TestBuyProduct::test_buy_product (call)
Start time: 2025-09-07 00:10:23.173022
Start name method: login

End time: 2025-09-07 00:10:25.920553
End name method: login
URL: https://www.skvot.com/cart

-----

-----
Test: tests/ui/test_buy_product.py::TestBuyProduct::test_buy_product (call)
Start time: 2025-09-07 00:10:25.920879
Start name method: fill_shipping_info

End time: 2025-09-07 00:10:32.700565
End name method: fill_shipping_info
URL: https://www.skvot.com/cart/ordering

-----

-----
Test: tests/ui/test_buy_product.py::TestBuyProduct::test_buy_product (call)
Start time: 2025-09-07 00:10:32.700842
Start name method: clean_cart

End time: 2025-09-07 00:10:34.039531
End name method: clean_cart
URL: https://www.skvot.com/cart/ordering

-----
