
-----
Test: tests/ui/test_login.py::TestLogin::test_login_valid (call)
Start time: 2025-08-25 15:37:12.443908
Start name method: click modal window close button

End time: 2025-08-25 15:37:12.688182
End name method: click modal window close button
URL: https://www.skvot.com/

-----

-----
Test: tests/ui/test_login.py::TestLogin::test_login_valid (call)
Start time: 2025-08-25 15:37:12.688597
Start name method: login

End time: 2025-08-25 15:37:18.199289
End name method: login
URL: https://www.skvot.com/

-----

-----
Test: tests/ui/test_login.py::TestLogin::test_login_invalid_email (call)
Start time: 2025-08-25 15:37:23.772208
Start name method: click modal window close button

End time: 2025-08-25 15:37:24.562950
End name method: click modal window close button
URL: https://www.skvot.com/

-----

-----
Test: tests/ui/test_login.py::TestLogin::test_login_invalid_email (call)
Start time: 2025-08-25 15:37:24.563257
Start name method: login

End time: 2025-08-25 15:37:29.917327
End name method: login
URL: https://www.skvot.com/

-----

-----
Test: tests/ui/test_login.py::TestLogin::test_login_invalid_password (call)
Start time: 2025-08-25 15:37:35.930814
Start name method: click modal window close button

End time: 2025-08-25 15:37:36.172136
End name method: click modal window close button
URL: https://www.skvot.com/

-----

-----
Test: tests/ui/test_login.py::TestLogin::test_login_invalid_password (call)
Start time: 2025-08-25 15:37:36.172449
Start name method: login

End time: 2025-08-25 15:37:41.522676
End name method: login
URL: https://www.skvot.com/

-----

-----
Test: tests/ui/test_login.py::TestLogin::test_empty_login (call)
Start time: 2025-08-25 15:37:47.821348
Start name method: click modal window close button

End time: 2025-08-25 15:37:47.895671
End name method: click modal window close button
URL: https://www.skvot.com/

-----

-----
Test: tests/ui/test_login.py::TestLogin::test_empty_login (call)
Start time: 2025-08-25 15:37:47.896090
Start name method: login

End time: 2025-08-25 15:37:53.217362
End name method: login
URL: https://www.skvot.com/

-----

-----
Test: tests/ui/test_search_product.py::TestSearchProduct::test_search_valid_product (call)
Start time: 2025-08-25 15:37:59.357819
Start name method: search item

End time: 2025-08-25 15:38:03.807005
End name method: search item
URL: https://www.skvot.com/search?text=%D0%B1%D1%83%D1%88%D0%B8%D0%BD%D0%B3

-----

-----
Test: tests/ui/test_search_product.py::TestSearchProduct::test_search_invalid_product (call)
Start time: 2025-08-25 15:38:10.199500
Start name method: search item

End time: 2025-08-25 15:38:15.204083
End name method: search item
URL: https://www.skvot.com/search?text=%D0%B4%D1%83%D1%80%D1%88%D0%BB%D0%B0%D0%B3

-----

-----
Test: tests/ui/test_product_page.py::TestProductPage::test_product_page_1 (call)
Start time: 2025-08-25 15:38:21.355623
Start name method: click modal window close button

End time: 2025-08-25 15:38:22.133080
End name method: click modal window close button
URL: https://www.skvot.com/catalog/skateboarding/skate-deck-skvot-knight-CB-00020952

-----

-----
Test: tests/ui/test_product_page.py::TestProductPage::test_product_page_1 (call)
Start time: 2025-08-25 15:38:22.133452
Start name method: check product page

End time: 2025-08-25 15:38:24.409483
End name method: check product page
URL: https://www.skvot.com/catalog/skateboarding/skate-deck-skvot-knight-CB-00020952

-----

-----
Test: tests/ui/test_product_page.py::TestProductPage::test_product_page_2 (call)
Start time: 2025-08-25 15:38:30.318896
Start name method: click modal window close button

End time: 2025-08-25 15:38:30.426201
End name method: click modal window close button
URL: https://www.skvot.com/catalog/clothing/shirts-c1rca-victory-tee-green-bottle-CB-00013927

-----

-----
Test: tests/ui/test_product_page.py::TestProductPage::test_product_page_2 (call)
Start time: 2025-08-25 15:38:30.426585
Start name method: check product page

End time: 2025-08-25 15:38:32.880069
End name method: check product page
URL: https://www.skvot.com/catalog/clothing/shirts-c1rca-victory-tee-green-bottle-CB-00013927

-----

-----
Test: tests/ui/test_add_product_to_cart.py::TestAddProductToCart::test_add_product_to_cart (call)
Start time: 2025-08-25 15:38:38.293777
Start name method: click modal window close button

End time: 2025-08-25 15:38:38.391027
End name method: click modal window close button
URL: https://www.skvot.com/catalog/skateboarding/skate-deck-skvot-knight-CB-00020952

-----

-----
Test: tests/ui/test_add_product_to_cart.py::TestAddProductToCart::test_add_product_to_cart (call)
Start time: 2025-08-25 15:38:38.391589
Start name method: add product to cart

End time: 2025-08-25 15:38:39.533332
End name method: add product to cart
URL: https://www.skvot.com/catalog/skateboarding/skate-deck-skvot-knight-CB-00020952

-----

-----
Test: tests/ui/test_add_product_to_cart.py::TestAddProductToCart::test_add_product_to_cart (call)
Start time: 2025-08-25 15:38:39.533819
Start name method: check product info from cart

End time: 2025-08-25 15:38:40.047246
End name method: check product info from cart
URL: https://www.skvot.com/catalog/skateboarding/skate-deck-skvot-knight-CB-00020952

-----

-----
Test: tests/ui/test_add_product_to_cart.py::TestAddProductToCart::test_add_product_to_cart (call)
Start time: 2025-08-25 15:38:40.047526
Start name method: clean cart

End time: 2025-08-25 15:38:40.386055
End name method: clean_cart
URL: https://www.skvot.com/catalog/skateboarding/skate-deck-skvot-knight-CB-00020952

-----

-----
Test: tests/ui/test_add_product_to_cart.py::TestAddProductToCart::test_add_product_to_cart_by_filters (call)
Start time: 2025-08-25 15:38:46.931135
Start name method: click modal window close button

End time: 2025-08-25 15:38:47.042077
End name method: click modal window close button
URL: https://www.skvot.com/

-----

-----
Test: tests/ui/test_add_product_to_cart.py::TestAddProductToCart::test_add_product_to_cart_by_filters (call)
Start time: 2025-08-25 15:38:47.042428
Start name method: add_product_1_to_cart

End time: 2025-08-25 15:38:59.915387
End name method: add_product_1_to_cart
URL: https://www.skvot.com/cart

-----

-----
Test: tests/ui/test_add_product_to_cart.py::TestAddProductToCart::test_add_product_to_cart_by_filters (call)
Start time: 2025-08-25 15:38:59.915948
Start name method: clean_cart

End time: 2025-08-25 15:39:00.256008
End name method: clean_cart
URL: https://www.skvot.com/cart

-----

-----
Test: tests/ui/test_add_product_to_cart.py::TestAddProductToCart::test_add_multiple_product_to_cart (call)
Start time: 2025-08-25 15:39:05.762528
Start name method: click modal window close button

End time: 2025-08-25 15:39:05.855556
End name method: click modal window close button
URL: https://www.skvot.com/catalog/skateboarding/skate-deck-skvot-knight-CB-00020952

-----

-----
Test: tests/ui/test_add_product_to_cart.py::TestAddProductToCart::test_add_multiple_product_to_cart (call)
Start time: 2025-08-25 15:39:05.855899
Start name method: add multiple product to cart

End time: 2025-08-25 15:39:08.596567
End name method: add multiple product to cart
URL: https://www.skvot.com/catalog/clothing/shirts-c1rca-victory-tee-green-bottle-CB-00013927

-----

-----
Test: tests/ui/test_add_product_to_cart.py::TestAddProductToCart::test_add_multiple_product_to_cart (call)
Start time: 2025-08-25 15:39:08.597076
Start name method: check product info from cart

End time: 2025-08-25 15:39:09.110891
End name method: check product info from cart
URL: https://www.skvot.com/catalog/clothing/shirts-c1rca-victory-tee-green-bottle-CB-00013927

-----

-----
Test: tests/ui/test_add_product_to_cart.py::TestAddProductToCart::test_add_multiple_product_to_cart (call)
Start time: 2025-08-25 15:39:09.111248
Start name method: clean cart

End time: 2025-08-25 15:39:09.428930
End name method: clean_cart
URL: https://www.skvot.com/catalog/clothing/shirts-c1rca-victory-tee-green-bottle-CB-00013927

-----

-----
Test: tests/ui/test_cart_page.py::TestCartPage::test_product_cart_page (call)
Start time: 2025-08-25 15:39:15.169313
Start name method: click modal window close button

End time: 2025-08-25 15:39:15.256809
End name method: click modal window close button
URL: https://www.skvot.com/catalog/skateboarding/skate-deck-skvot-knight-CB-00020952

-----

-----
Test: tests/ui/test_cart_page.py::TestCartPage::test_product_cart_page (call)
Start time: 2025-08-25 15:39:15.257162
Start name method: add product to cart

End time: 2025-08-25 15:39:16.375836
End name method: add product to cart
URL: https://www.skvot.com/catalog/skateboarding/skate-deck-skvot-knight-CB-00020952

-----

-----
Test: tests/ui/test_cart_page.py::TestCartPage::test_product_cart_page (call)
Start time: 2025-08-25 15:39:16.779256
Start name method: check_product_info

End time: 2025-08-25 15:39:16.826168
End name method: check_product_info
URL: https://www.skvot.com/cart

-----

-----
Test: tests/ui/test_cart_page.py::TestCartPage::test_product_cart_page (call)
Start time: 2025-08-25 15:39:16.826498
Start name method: check_total_cart_sum

End time: 2025-08-25 15:39:16.847939
End name method: check_total_cart_sum
URL: https://www.skvot.com/cart

-----

-----
Test: tests/ui/test_cart_page.py::TestCartPage::test_product_cart_page (call)
Start time: 2025-08-25 15:39:16.848260
Start name method: clean_cart

End time: 2025-08-25 15:39:18.192541
End name method: clean_cart
URL: https://www.skvot.com/cart

-----

-----
Test: tests/ui/test_cart_page.py::TestCartPage::test_multiple_product_cart_page (call)
Start time: 2025-08-25 15:39:23.925698
Start name method: click modal window close button

End time: 2025-08-25 15:39:24.019763
End name method: click modal window close button
URL: https://www.skvot.com/catalog/skateboarding/skate-deck-skvot-knight-CB-00020952

-----

-----
Test: tests/ui/test_cart_page.py::TestCartPage::test_multiple_product_cart_page (call)
Start time: 2025-08-25 15:39:24.020138
Start name method: add multiple product to cart

End time: 2025-08-25 15:39:26.805068
End name method: add multiple product to cart
URL: https://www.skvot.com/catalog/clothing/shirts-c1rca-victory-tee-green-bottle-CB-00013927

-----

-----
Test: tests/ui/test_cart_page.py::TestCartPage::test_multiple_product_cart_page (call)
Start time: 2025-08-25 15:39:27.095430
Start name method: check_product_info

End time: 2025-08-25 15:39:27.229768
End name method: check_product_info
URL: https://www.skvot.com/cart

-----

-----
Test: tests/ui/test_cart_page.py::TestCartPage::test_multiple_product_cart_page (call)
Start time: 2025-08-25 15:39:27.230170
Start name method: check_product_info

End time: 2025-08-25 15:39:27.285156
End name method: check_product_info
URL: https://www.skvot.com/cart

-----

-----
Test: tests/ui/test_cart_page.py::TestCartPage::test_multiple_product_cart_page (call)
Start time: 2025-08-25 15:39:27.285488
Start name method: check_total_cart_sum

End time: 2025-08-25 15:39:27.309169
End name method: check_total_cart_sum
URL: https://www.skvot.com/cart

-----

-----
Test: tests/ui/test_cart_page.py::TestCartPage::test_multiple_product_cart_page (call)
Start time: 2025-08-25 15:39:27.309606
Start name method: clean_cart

End time: 2025-08-25 15:39:28.633066
End name method: clean_cart
URL: https://www.skvot.com/cart

-----

-----
Test: tests/ui/test_fill_shipping_info.py::TestFillShippingInfo::test_fill_shipping_info (call)
Start time: 2025-08-25 15:39:33.696157
Start name method: click modal window close button

End time: 2025-08-25 15:39:34.315372
End name method: click modal window close button
URL: https://www.skvot.com/catalog/skateboarding/skate-deck-skvot-knight-CB-00020952

-----

-----
Test: tests/ui/test_fill_shipping_info.py::TestFillShippingInfo::test_fill_shipping_info (call)
Start time: 2025-08-25 15:39:34.315761
Start name method: add product to cart

End time: 2025-08-25 15:39:35.430425
End name method: add product to cart
URL: https://www.skvot.com/catalog/skateboarding/skate-deck-skvot-knight-CB-00020952

-----

-----
Test: tests/ui/test_fill_shipping_info.py::TestFillShippingInfo::test_fill_shipping_info (call)
Start time: 2025-08-25 15:39:35.798115
Start name method: login

End time: 2025-08-25 15:39:38.615615
End name method: login
URL: https://www.skvot.com/cart

-----

-----
Test: tests/ui/test_fill_shipping_info.py::TestFillShippingInfo::test_fill_shipping_info (call)
Start time: 2025-08-25 15:39:38.615993
Start name method: fill_shipping_info

End time: 2025-08-25 15:39:49.586394
End name method: fill_shipping_info
URL: https://www.skvot.com/cart/ordering

-----

-----
Test: tests/ui/test_fill_shipping_info.py::TestFillShippingInfo::test_fill_shipping_info (call)
Start time: 2025-08-25 15:39:49.586815
Start name method: clean_cart

End time: 2025-08-25 15:39:50.923025
End name method: clean_cart
URL: https://www.skvot.com/cart/ordering

-----

-----
Test: tests/ui/test_buy_product.py::TestBuyProduct::test_buy_product (call)
Start time: 2025-08-25 15:39:56.386575
Start name method: click modal window close button

End time: 2025-08-25 15:39:56.586672
End name method: click modal window close button
URL: https://www.skvot.com/catalog/skateboarding/skate-deck-skvot-knight-CB-00020952

-----

-----
Test: tests/ui/test_buy_product.py::TestBuyProduct::test_buy_product (call)
Start time: 2025-08-25 15:39:56.587014
Start name method: check product page

End time: 2025-08-25 15:39:58.902558
End name method: check product page
URL: https://www.skvot.com/catalog/skateboarding/skate-deck-skvot-knight-CB-00020952

-----

-----
Test: tests/ui/test_buy_product.py::TestBuyProduct::test_buy_product (call)
Start time: 2025-08-25 15:39:58.902854
Start name method: add product to cart

End time: 2025-08-25 15:40:00.008179
End name method: add product to cart
URL: https://www.skvot.com/catalog/skateboarding/skate-deck-skvot-knight-CB-00020952

-----

-----
Test: tests/ui/test_buy_product.py::TestBuyProduct::test_buy_product (call)
Start time: 2025-08-25 15:40:00.008765
Start name method: check product info from cart

End time: 2025-08-25 15:40:00.501786
End name method: check product info from cart
URL: https://www.skvot.com/catalog/skateboarding/skate-deck-skvot-knight-CB-00020952

-----

-----
Test: tests/ui/test_buy_product.py::TestBuyProduct::test_buy_product (call)
Start time: 2025-08-25 15:40:00.834952
Start name method: check_product_info

End time: 2025-08-25 15:40:00.890300
End name method: check_product_info
URL: https://www.skvot.com/cart

-----

-----
Test: tests/ui/test_buy_product.py::TestBuyProduct::test_buy_product (call)
Start time: 2025-08-25 15:40:00.890649
Start name method: check_total_cart_sum

End time: 2025-08-25 15:40:00.912489
End name method: check_total_cart_sum
URL: https://www.skvot.com/cart

-----

-----
Test: tests/ui/test_buy_product.py::TestBuyProduct::test_buy_product (call)
Start time: 2025-08-25 15:40:00.912809
Start name method: login

End time: 2025-08-25 15:40:03.766385
End name method: login
URL: https://www.skvot.com/cart

-----

-----
Test: tests/ui/test_buy_product.py::TestBuyProduct::test_buy_product (call)
Start time: 2025-08-25 15:40:03.766742
Start name method: fill_shipping_info

End time: 2025-08-25 15:40:14.846064
End name method: fill_shipping_info
URL: https://www.skvot.com/cart/ordering

-----

-----
Test: tests/ui/test_buy_product.py::TestBuyProduct::test_buy_product (call)
Start time: 2025-08-25 15:40:14.846473
Start name method: clean_cart

End time: 2025-08-25 15:40:16.184319
End name method: clean_cart
URL: https://www.skvot.com/cart/ordering

-----
